SF:src/bitcaster/__init__.py
DA:1,1
DA:3,1
DA:5,1
DA:7,1
LF:4
LH:4
end_of_record
SF:src/bitcaster/admin/__init__.py
DA:1,1
DA:2,1
DA:3,1
DA:4,1
DA:5,1
DA:6,1
DA:7,1
DA:8,1
DA:9,1
DA:10,1
DA:11,1
DA:12,1
DA:13,1
DA:14,1
DA:15,1
DA:16,1
DA:17,1
DA:18,1
DA:20,1
LF:19
LH:19
end_of_record
SF:src/bitcaster/admin/address.py
DA:1,1
DA:2,1
DA:4,1
DA:5,1
DA:6,1
DA:7,1
DA:9,1
DA:10,1
DA:11,1
DA:13,1
DA:15,1
DA:25,1
DA:26,1
DA:27,1
DA:28,1
DA:31,1
DA:32,1
DA:33,1
DA:34,1
DA:40,1
DA:41,1
DA:42,1
DA:44,1
DA:45,1
DA:46,1
DA:47,1
DA:49,1
DA:50,1
DA:52,1
DA:53,1
DA:54,1
DA:59,1
DA:62,1
DA:63,1
DA:64,1
LF:35
LH:35
FN:44,47,AddressAdmin.get_readonly_fields
FNDA:1,AddressAdmin.get_readonly_fields
FN:49,50,AddressAdmin.get_queryset
FNDA:1,AddressAdmin.get_queryset
FN:52,57,AddressAdmin.get_changeform_initial_data
FNDA:1,AddressAdmin.get_changeform_initial_data
FN:59,64,AddressAdmin.get_inlines
FNDA:1,AddressAdmin.get_inlines
FNF:4
FNH:4
BRDA:45,0,jump to line 46,1
BRDA:45,0,jump to line 47,1
BRDA:62,0,jump to line 63,1
BRDA:62,0,jump to line 64,1
BRF:4
BRH:4
end_of_record
SF:src/bitcaster/admin/api_key.py
DA:1,1
DA:2,1
DA:3,1
DA:5,1
DA:6,1
DA:7,1
DA:8,1
DA:9,1
DA:10,1
DA:11,1
DA:12,1
DA:13,1
DA:14,1
DA:15,1
DA:17,1
DA:18,1
DA:19,1
DA:20,1
DA:21,1
DA:22,1
DA:23,1
DA:25,1
DA:31,1
DA:34,1
DA:35,1
DA:36,1
DA:37,1
DA:39,1
DA:40,1
DA:41,1
DA:42,1
DA:43,1
DA:49,1
DA:50,1
DA:51,1
DA:52,1
DA:53,1
DA:54,1
DA:55,1
DA:58,1
DA:59,1
DA:60,1
DA:61,1
DA:67,1
DA:68,1
DA:69,1
DA:70,1
DA:72,1
DA:73,1
DA:75,1
DA:78,1
DA:79,1
DA:80,1
DA:82,1
DA:83,1
DA:84,0
DA:85,1
DA:86,1
DA:87,1
DA:89,1
DA:90,1
DA:98,1
DA:99,1
DA:101,1
DA:102,1
DA:103,1
DA:104,1
DA:105,1
DA:106,1
DA:108,1
DA:109,1
DA:110,1
DA:111,1
DA:114,1
LF:74
LH:73
FN:39,47,ApiKeyForm.__init__
FNDA:1,ApiKeyForm.__init__
FN:49,55,ApiKeyForm.clean
FNDA:1,ApiKeyForm.clean
FN:72,73,ApiKeyAdmin.get_queryset
FNDA:1,ApiKeyAdmin.get_queryset
FN:75,80,ApiKeyAdmin.get_readonly_fields
FNDA:1,ApiKeyAdmin.get_readonly_fields
FN:82,87,ApiKeyAdmin.get_exclude
FNDA:1,ApiKeyAdmin.get_exclude
FN:89,96,ApiKeyAdmin.get_changeform_initial_data
FNDA:1,ApiKeyAdmin.get_changeform_initial_data
FN:98,99,ApiKeyAdmin.response_add
FNDA:1,ApiKeyAdmin.response_add
FN:102,114,ApiKeyAdmin.show_key
FNDA:1,ApiKeyAdmin.show_key
FNF:8
FNH:8
BRDA:41,0,jump to line 42,1
BRDA:41,0,return from function '__init__',1
BRDA:51,0,jump to line 52,1
BRDA:51,0,jump to line 55,1
BRDA:53,0,jump to line 54,1
BRDA:53,0,jump to line 55,1
BRDA:78,0,jump to line 79,1
BRDA:78,0,jump to line 80,1
BRDA:83,0,jump to line 84,0
BRDA:83,0,jump to line 85,1
BRDA:85,0,jump to line 86,1
BRDA:85,0,jump to line 87,1
BRDA:104,0,jump to line 105,1
BRDA:104,0,jump to line 108,1
BRF:14
BRH:13
end_of_record
SF:src/bitcaster/admin/application.py
DA:1,1
DA:2,1
DA:4,1
DA:5,1
DA:6,1
DA:7,1
DA:8,1
DA:9,1
DA:11,1
DA:12,1
DA:14,1
DA:15,1
DA:16,1
DA:17,1
DA:18,1
DA:23,1
DA:26,1
DA:27,1
DA:28,1
DA:29,1
DA:35,1
DA:36,1
DA:38,1
DA:39,1
DA:41,1
DA:43,1
DA:44,1
DA:46,1
DA:47,1
DA:48,1
DA:49,1
DA:57,1
DA:59,1
DA:60,1
DA:62,1
DA:63,1
DA:64,1
DA:65,1
DA:66,1
DA:67,1
DA:69,1
DA:70,1
DA:71,1
DA:72,1
DA:74,1
DA:76,1
DA:77,1
DA:78,1
DA:79,1
DA:80,1
DA:82,1
DA:86,1
DA:87,1
DA:89,1
LF:54
LH:54
FN:38,41,ApplicationAdmin.has_add_permission
FNDA:1,ApplicationAdmin.has_add_permission
FN:43,44,ApplicationAdmin.get_queryset
FNDA:1,ApplicationAdmin.get_queryset
FN:46,57,ApplicationAdmin.get_readonly_fields
FNDA:1,ApplicationAdmin.get_readonly_fields
FN:59,67,ApplicationAdmin.get_changeform_initial_data
FNDA:1,ApplicationAdmin.get_changeform_initial_data
FN:70,74,ApplicationAdmin.events
FNDA:1,ApplicationAdmin.events
FN:77,80,ApplicationAdmin.notifications
FNDA:1,ApplicationAdmin.notifications
FN:86,89,ApplicationAdmin.add_event
FNDA:1,ApplicationAdmin.add_event
FNF:7
FNH:7
BRDA:48,0,jump to line 49,1
BRDA:48,0,jump to line 57,1
BRF:2
BRH:2
end_of_record
SF:src/bitcaster/admin/assignment.py
DA:1,1
DA:2,1
DA:4,1
DA:5,1
DA:6,1
DA:7,1
DA:8,1
DA:10,1
DA:11,1
DA:12,1
DA:13,1
DA:25,1
DA:28,1
DA:29,1
DA:30,1
DA:31,1
DA:37,1
DA:38,1
DA:39,1
DA:41,1
DA:44,1
DA:46,1
DA:49,1
DA:50,1
DA:51,1
DA:52,1
DA:53,1
DA:54,1
DA:55,1
DA:56,1
DA:58,1
DA:59,1
DA:60,1
DA:61,1
DA:62,1
DA:64,1
DA:65,1
DA:66,1
DA:68,1
DA:69,1
DA:70,1
DA:71,1
LF:42
LH:42
FN:41,44,AssignmentAdmin.get_form
FNDA:1,AssignmentAdmin.get_form
FN:46,56,AssignmentAdmin.formfield_for_foreignkey
FNDA:1,AssignmentAdmin.formfield_for_foreignkey
FN:59,66,AssignmentAdmin.validate
FNDA:1,AssignmentAdmin.validate
FN:68,74,AssignmentAdmin.get_changeform_initial_data
FNDA:1,AssignmentAdmin.get_changeform_initial_data
FNF:4
FNH:4
BRDA:50,0,jump to line 51,1
BRDA:50,0,jump to line 56,1
BRDA:52,0,jump to line 53,1
BRDA:52,0,jump to line 54,1
BRDA:61,0,jump to line 62,1
BRDA:61,0,jump to line 64,1
BRF:6
BRH:6
end_of_record
SF:src/bitcaster/admin/base.py
DA:1,1
DA:2,1
DA:3,1
DA:5,1
DA:6,1
DA:7,1
DA:8,1
DA:9,1
DA:10,1
DA:11,1
DA:12,1
DA:13,1
DA:14,1
DA:16,1
DA:17,1
DA:24,1
DA:27,1
DA:28,1
DA:29,1
DA:30,1
DA:31,1
DA:34,1
DA:35,1
DA:36,1
DA:37,1
DA:46,1
DA:49,1
DA:50,1
DA:51,1
DA:64,1
DA:66,1
DA:67,1
DA:68,0
DA:71,1
DA:72,1
DA:73,1
DA:74,1
DA:77,1
DA:78,1
DA:79,1
DA:80,1
DA:81,1
DA:83,1
DA:86,1
DA:87,1
DA:88,1
DA:89,1
DA:91,1
DA:94,1
DA:95,1
DA:96,1
DA:97,1
DA:98,1
DA:99,1
DA:101,1
DA:102,1
DA:104,1
DA:105,1
DA:106,1
DA:107,1
DA:108,1
DA:109,1
DA:110,1
DA:112,1
DA:119,1
DA:121,1
DA:122,1
DA:124,1
LF:68
LH:67
FN:46,74,BitcasterModelAdmin.formfield_for_foreignkey
FNDA:1,BitcasterModelAdmin.formfield_for_foreignkey
FN:78,81,BaseAdmin.get_object_or_404
FNDA:1,BaseAdmin.get_object_or_404
FN:83,89,BaseAdmin.response_add
FNDA:1,BaseAdmin.response_add
FN:91,99,BaseAdmin.get_search_results
FNDA:1,BaseAdmin.get_search_results
FN:101,110,BaseAdmin.get_changeform_initial_data
FNDA:1,BaseAdmin.get_changeform_initial_data
FN:112,124,BaseAdmin.changeform_view
FNDA:1,BaseAdmin.changeform_view
FNF:6
FNH:6
BRDA:50,0,jump to line 51,1
BRDA:50,0,jump to line 66,1
BRDA:66,0,jump to line 67,1
BRDA:66,0,jump to line 74,1
BRDA:67,0,jump to line 68,0
BRDA:67,0,jump to line 71,1
BRDA:71,0,jump to line 72,1
BRDA:71,0,jump to line 74,1
BRDA:79,0,jump to line 80,1
BRDA:79,0,jump to line 81,1
BRDA:87,0,jump to line 88,1
BRDA:87,0,jump to line 89,1
BRF:12
BRH:11
end_of_record
SF:src/bitcaster/admin/channel.py
DA:1,1
DA:2,1
DA:4,1
DA:5,1
DA:6,1
DA:7,1
DA:8,1
DA:9,1
DA:10,1
DA:11,1
DA:12,1
DA:13,1
DA:15,1
DA:16,1
DA:18,1
DA:19,1
DA:20,1
DA:21,1
DA:22,1
DA:30,1
DA:33,1
DA:34,1
DA:35,1
DA:38,1
DA:39,1
DA:40,1
DA:43,1
DA:44,1
DA:45,1
DA:46,1
DA:54,1
DA:56,1
DA:57,1
DA:59,1
DA:60,1
DA:62,1
DA:63,1
DA:64,1
DA:65,1
DA:66,1
DA:68,1
DA:69,1
DA:70,1
DA:71,1
DA:72,1
DA:73,1
DA:75,1
DA:76,1
DA:77,1
DA:78,1
DA:79,1
DA:81,1
DA:82,1
DA:83,1
DA:84,1
DA:85,1
DA:86,1
DA:87,1
DA:88,1
DA:89,1
DA:90,1
DA:91,1
DA:92,1
DA:94,1
DA:95,1
DA:96,1
DA:97,1
DA:99,1
DA:100,1
DA:101,1
DA:103,1
DA:104,1
DA:105,1
DA:106,1
DA:107,1
DA:108,1
DA:109,1
DA:110,1
DA:111,1
DA:116,1
DA:117,1
DA:118,1
DA:123,1
DA:129,1
DA:130,1
DA:131,1
DA:132,1
LF:87
LH:87
FN:56,57,ChannelAdmin.dispatcher_
FNDA:1,ChannelAdmin.dispatcher_
FN:59,60,ChannelAdmin.get_queryset
FNDA:1,ChannelAdmin.get_queryset
FN:62,66,ChannelAdmin.get_changeform_initial_data
FNDA:1,ChannelAdmin.get_changeform_initial_data
FN:68,73,ChannelAdmin.get_readonly_fields
FNDA:1,ChannelAdmin.get_readonly_fields
FN:76,79,ChannelAdmin.events
FNDA:1,ChannelAdmin.events
FN:82,97,ChannelAdmin.configure
FNDA:1,ChannelAdmin.configure
FN:100,132,ChannelAdmin.test
FNDA:1,ChannelAdmin.test
FNF:7
FNH:7
BRDA:64,0,jump to line 65,1
BRDA:64,0,jump to line 66,1
BRDA:69,0,jump to line 70,1
BRDA:69,0,jump to line 71,1
BRDA:71,0,jump to line 72,1
BRDA:71,0,jump to line 73,1
BRDA:86,0,jump to line 87,1
BRDA:86,0,jump to line 94,1
BRDA:88,0,jump to line 89,1
BRDA:88,0,jump to line 95,1
BRDA:107,0,jump to line 108,1
BRDA:107,0,jump to line 123,1
BRDA:109,0,jump to line 110,1
BRDA:109,0,jump to line 129,1
BRF:14
BRH:14
end_of_record
SF:src/bitcaster/admin/distribution.py
DA:1,1
DA:2,1
DA:4,1
DA:5,1
DA:6,1
DA:8,1
DA:10,1
DA:11,1
DA:13,1
DA:19,1
DA:20,1
DA:21,1
DA:22,1
DA:26,1
DA:27,1
DA:29,1
DA:30,1
DA:32,1
DA:33,1
DA:34,1
DA:35,1
DA:37,1
DA:38,1
DA:39,1
DA:40,1
DA:42,1
DA:43,1
DA:44,1
DA:46,1
DA:47,1
LF:30
LH:30
FN:29,30,DistributionListAdmin.get_queryset
FNDA:1,DistributionListAdmin.get_queryset
FN:32,35,DistributionListAdmin.get_readonly_fields
FNDA:1,DistributionListAdmin.get_readonly_fields
FN:37,40,DistributionListAdmin.has_delete_permission
FNDA:1,DistributionListAdmin.has_delete_permission
FN:42,47,DistributionListAdmin.get_changeform_initial_data
FNDA:1,DistributionListAdmin.get_changeform_initial_data
FNF:4
FNH:4
BRDA:33,0,jump to line 34,1
BRDA:33,0,jump to line 35,1
BRDA:38,0,jump to line 39,1
BRDA:38,0,jump to line 40,1
BRF:4
BRH:4
end_of_record
SF:src/bitcaster/admin/event.py
DA:1,1
DA:2,1
DA:4,1
DA:5,1
DA:6,1
DA:7,1
DA:8,1
DA:9,1
DA:10,1
DA:11,1
DA:12,1
DA:13,1
DA:14,1
DA:16,1
DA:18,1
DA:19,1
DA:20,1
DA:21,1
DA:22,1
DA:23,1
DA:30,1
DA:33,1
DA:34,1
DA:35,1
DA:36,1
DA:39,1
DA:42,1
DA:43,1
DA:46,1
DA:47,1
DA:48,1
DA:49,1
DA:58,1
DA:59,1
DA:60,1
DA:61,1
DA:62,1
DA:63,1
DA:81,1
DA:83,1
DA:84,1
DA:86,1
DA:87,1
DA:88,1
DA:89,1
DA:91,1
DA:92,1
DA:94,1
DA:95,1
DA:97,1
DA:100,1
DA:101,1
DA:102,1
DA:103,1
DA:104,1
DA:106,1
DA:108,1
DA:110,1
DA:111,1
DA:112,1
DA:113,1
DA:114,1
DA:115,1
DA:117,1
DA:118,1
DA:119,1
DA:120,1
DA:122,1
DA:123,1
DA:124,1
DA:126,1
DA:127,1
DA:128,1
DA:129,1
DA:131,1
DA:132,1
DA:133,1
DA:135,1
DA:136,1
DA:137,1
DA:140,1
DA:142,1
DA:143,1
DA:144,1
DA:145,1
DA:146,1
DA:147,1
DA:148,1
DA:155,1
DA:156,1
DA:157,1
DA:162,1
DA:168,1
DA:169,1
DA:171,1
DA:172,1
DA:173,1
DA:174,1
DA:175,1
LF:99
LH:99
FN:86,89,EventAdmin.get_fieldsets
FNDA:1,EventAdmin.get_fieldsets
FN:91,92,EventAdmin.get_queryset
FNDA:1,EventAdmin.get_queryset
FN:94,95,EventAdmin.delete_queryset
FNDA:1,EventAdmin.delete_queryset
FN:97,108,EventAdmin.get_deleted_objects
FNDA:1,EventAdmin.get_deleted_objects
FN:110,115,EventAdmin.get_changeform_initial_data
FNDA:1,EventAdmin.get_changeform_initial_data
FN:117,120,EventAdmin.get_readonly_fields
FNDA:1,EventAdmin.get_readonly_fields
FN:122,124,EventAdmin.get_fields
FNDA:1,EventAdmin.get_fields
FN:126,129,EventAdmin.get_exclude
FNDA:1,EventAdmin.get_exclude
FN:132,169,EventAdmin.trigger_event
FNDA:1,EventAdmin.trigger_event
FN:135,140,EventAdmin.trigger_event.get_form
FNDA:1,EventAdmin.trigger_event.get_form
FN:172,175,EventAdmin.notifications
FNDA:1,EventAdmin.notifications
FNF:11
FNH:11
BRDA:87,0,jump to line 88,1
BRDA:87,0,jump to line 89,1
BRDA:100,0,jump to line 101,1
BRDA:100,0,jump to line 103,1
BRDA:103,0,jump to line 104,1
BRDA:103,0,jump to line 106,1
BRDA:118,0,jump to line 119,1
BRDA:118,0,jump to line 120,1
BRDA:127,0,jump to line 128,1
BRDA:127,0,jump to line 129,1
BRDA:144,0,jump to line 145,1
BRDA:144,0,jump to line 162,1
BRDA:146,0,jump to line 147,1
BRDA:146,0,jump to line 168,1
BRF:14
BRH:14
end_of_record
SF:src/bitcaster/admin/filters.py
DA:1,1
DA:3,1
DA:4,1
DA:5,1
DA:6,1
DA:15,1
DA:16,1
DA:17,1
DA:18,1
DA:23,1
DA:24,1
DA:26,1
DA:27,1
DA:28,1
DA:29,1
DA:30,1
DA:31,1
DA:34,1
DA:35,1
DA:36,1
DA:37,1
DA:42,1
DA:43,1
DA:44,1
DA:46,1
DA:47,1
DA:48,1
DA:49,1
LF:28
LH:28
FN:23,24,ChannelTypeFilter.lookups
FNDA:1,ChannelTypeFilter.lookups
FN:26,31,ChannelTypeFilter.queryset
FNDA:1,ChannelTypeFilter.queryset
FN:42,44,EnvironmentFilter.lookups
FNDA:1,EnvironmentFilter.lookups
FN:46,49,EnvironmentFilter.queryset
FNDA:1,EnvironmentFilter.queryset
FNF:4
FNH:4
BRDA:27,0,jump to line 28,1
BRDA:27,0,jump to line 29,1
BRDA:29,0,jump to line 30,1
BRDA:29,0,jump to line 31,1
BRDA:47,0,jump to line 48,1
BRDA:47,0,jump to line 49,1
BRF:6
BRH:6
end_of_record
SF:src/bitcaster/admin/group.py
DA:1,1
DA:3,1
DA:4,1
DA:6,1
DA:8,1
DA:15,1
DA:16,1
DA:17,1
DA:18,1
DA:19,1
DA:20,1
DA:22,1
DA:23,1
LF:13
LH:13
FN:16,20,GroupAdmin.get_readonly_fields
FNDA:1,GroupAdmin.get_readonly_fields
FN:22,23,GroupAdmin.save_model
FNDA:1,GroupAdmin.save_model
FNF:2
FNH:2
BRDA:18,0,jump to line 19,1
BRDA:18,0,jump to line 20,1
BRF:2
BRH:2
end_of_record
SF:src/bitcaster/admin/internal.py
DA:1,1
DA:3,1
DA:4,1
DA:5,1
DA:7,1
DA:8,1
DA:10,1
DA:13,1
DA:14,1
DA:15,1
DA:16,1
DA:22,1
DA:24,1
DA:25,1
LF:14
LH:14
FN:24,25,LogMessageAdmin.get_queryset
FNDA:1,LogMessageAdmin.get_queryset
FNF:1
FNH:1
end_of_record
SF:src/bitcaster/admin/media.py
DA:1,1
DA:3,1
DA:4,1
DA:5,1
DA:8,1
DA:9,1
DA:10,1
DA:15,1
DA:16,1
LF:9
LH:9
end_of_record
SF:src/bitcaster/admin/member.py
DA:1,1
DA:2,1
DA:3,1
DA:4,1
DA:6,1
DA:7,1
DA:8,1
DA:11,1
DA:12,1
DA:13,1
DA:15,1
DA:16,1
DA:18,1
DA:19,1
DA:21,1
DA:22,1
DA:25,1
DA:26,1
DA:27,1
DA:28,1
DA:31,1
DA:32,1
DA:33,1
DA:34,1
DA:36,1
DA:37,1
DA:39,1
DA:43,1
DA:44,1
DA:45,1
DA:46,1
DA:48,1
DA:49,1
DA:51,1
DA:55,1
DA:56,1
DA:57,1
DA:58,1
DA:59,1
DA:61,1
DA:62,1
LF:41
LH:41
FN:15,16,ReadOnlyInline.has_delete_permission
FNDA:1,ReadOnlyInline.has_delete_permission
FN:18,19,ReadOnlyInline.has_add_permission
FNDA:1,ReadOnlyInline.has_add_permission
FN:21,22,ReadOnlyInline.has_change_permission
FNDA:1,ReadOnlyInline.has_change_permission
FN:36,37,AssignmentInline.get_form_queryset
FNDA:1,AssignmentInline.get_form_queryset
FN:39,40,AssignmentInline.save_new_instance
FNDA:0,AssignmentInline.save_new_instance
FN:48,49,ListsInline.get_form_queryset
FNDA:1,ListsInline.get_form_queryset
FN:51,52,ListsInline.save_new_instance
FNDA:0,ListsInline.save_new_instance
FN:61,64,MemberAdmin.get_queryset
FNDA:1,MemberAdmin.get_queryset
FNF:8
FNH:6
end_of_record
SF:src/bitcaster/admin/message.py
DA:1,1
DA:2,1
DA:4,1
DA:5,1
DA:6,1
DA:7,1
DA:8,1
DA:9,1
DA:10,1
DA:11,1
DA:12,1
DA:13,1
DA:15,1
DA:25,1
DA:26,1
DA:32,1
DA:33,1
DA:35,1
DA:41,1
DA:51,1
DA:66,1
DA:67,1
DA:68,1
DA:69,1
DA:74,1
DA:75,1
DA:76,1
DA:77,1
DA:79,1
DA:80,1
DA:82,1
DA:83,1
DA:84,1
DA:85,1
DA:86,1
DA:87,1
DA:88,1
DA:89,1
DA:90,1
DA:91,1
DA:93,1
DA:94,1
DA:100,1
DA:101,1
DA:102,1
DA:103,1
DA:104,1
DA:105,1
DA:107,1
DA:108,1
DA:110,1
DA:111,1
DA:112,1
DA:113,1
DA:114,1
DA:116,1
DA:117,1
DA:118,1
DA:119,1
DA:120,1
DA:122,1
DA:123,1
DA:124,1
DA:125,1
DA:126,1
DA:127,1
DA:128,1
DA:129,1
DA:130,1
DA:131,1
DA:135,1
DA:137,1
DA:139,1
DA:140,1
DA:141,1
DA:142,1
DA:143,1
DA:145,1
DA:146,1
DA:149,1
DA:151,1
DA:158,1
DA:159,1
DA:160,1
DA:162,1
DA:164,1
DA:166,1
DA:168,1
DA:169,1
DA:170,1
DA:171,1
DA:172,1
DA:176,1
DA:177,1
DA:178,1
DA:179,1
DA:180,1
DA:181,1
DA:183,1
DA:193,1
DA:194,1
DA:196,1
DA:197,1
DA:198,1
DA:199,1
DA:200,1
DA:201,1
DA:202,1
DA:203,1
DA:204,1
DA:205,1
DA:206,1
DA:207,1
DA:208,1
DA:209,1
DA:210,1
DA:211,1
DA:212,1
DA:213,1
DA:214,1
DA:215,1
DA:216,1
DA:217,1
DA:218,1
DA:219,1
DA:221,1
DA:223,1
DA:224,1
DA:225,1
DA:226,1
DA:228,1
DA:230,1
DA:231,1
DA:232,1
LF:134
LH:134
FN:82,91,MessageAdmin.scope_level
FNDA:1,MessageAdmin.scope_level
FN:93,98,MessageAdmin.get_queryset
FNDA:1,MessageAdmin.get_queryset
FN:100,105,MessageAdmin.get_form
FNDA:1,MessageAdmin.get_form
FN:107,114,MessageAdmin.get_dummy_source_context
FNDA:1,MessageAdmin.get_dummy_source_context
FN:117,137,MessageAdmin.render
FNDA:1,MessageAdmin.render
FN:140,166,MessageAdmin.send_message
FNDA:1,MessageAdmin.send_message
FN:169,194,MessageAdmin.edit
FNDA:1,MessageAdmin.edit
FN:197,232,MessageAdmin.usage
FNDA:1,MessageAdmin.usage
FNF:8
FNH:8
BRDA:83,0,jump to line 84,1
BRDA:83,0,jump to line 85,1
BRDA:85,0,jump to line 86,1
BRDA:85,0,jump to line 87,1
BRDA:87,0,jump to line 88,1
BRDA:87,0,jump to line 89,1
BRDA:89,0,jump to line 90,1
BRDA:89,0,jump to line 91,1
BRDA:102,0,jump to line 103,1
BRDA:102,0,jump to line 104,1
BRDA:123,0,jump to line 124,1
BRDA:123,0,jump to line 135,1
BRDA:130,0,jump to line 131,1
BRDA:130,0,jump to line 137,1
BRDA:145,0,jump to line 146,1
BRDA:145,0,jump to line 164,1
BRDA:159,0,jump to line 160,1
BRDA:159,0,jump to line 162,1
BRDA:176,0,jump to line 177,1
BRDA:176,0,jump to line 183,1
BRDA:178,0,jump to line 179,1
BRDA:178,0,jump to line 193,1
BRDA:202,0,jump to line 203,1
BRDA:202,0,jump to line 205,1
BRDA:205,0,jump to line 206,1
BRDA:205,0,jump to line 209,1
BRDA:209,0,jump to line 210,1
BRDA:209,0,jump to line 215,1
BRDA:215,0,jump to line 216,1
BRDA:215,0,jump to line 223,1
BRF:30
BRH:30
end_of_record
SF:src/bitcaster/admin/mixins.py
DA:1,1
DA:3,1
DA:4,1
DA:5,1
DA:6,1
DA:7,1
DA:9,1
DA:15,1
DA:16,1
DA:25,1
DA:26,1
DA:27,1
DA:29,1
DA:34,1
DA:35,1
DA:36,1
DA:37,1
DA:38,1
DA:39,1
DA:40,1
DA:41,1
DA:42,1
DA:43,1
DA:45,1
DA:50,1
DA:51,1
DA:52,1
DA:53,1
DA:54,1
DA:55,1
DA:56,1
DA:57,1
DA:58,1
DA:59,1
DA:60,1
DA:63,1
DA:64,1
DA:71,1
DA:72,1
DA:73,1
DA:74,1
DA:75,1
DA:76,1
DA:77,1
LF:44
LH:44
FN:16,27,LockMixinAdmin.render_change_form
FNDA:1,LockMixinAdmin.render_change_form
FN:34,43,LockMixinAdmin.lock
FNDA:1,LockMixinAdmin.lock
FN:50,60,LockMixinAdmin.unlock
FNDA:1,LockMixinAdmin.unlock
FN:64,77,TwoStepCreateMixin.changeform_view
FNDA:1,TwoStepCreateMixin.changeform_view
FNF:4
FNH:4
BRDA:25,0,jump to line 26,1
BRDA:25,0,jump to line 27,1
BRDA:38,0,jump to line 39,1
BRDA:38,0,jump to line 43,1
BRDA:54,0,jump to line 55,1
BRDA:54,0,jump to line 60,1
BRDA:73,0,jump to line 74,1
BRDA:73,0,jump to line 75,1
BRF:8
BRH:8
end_of_record
SF:src/bitcaster/admin/monitor.py
DA:1,1
DA:2,1
DA:4,1
DA:5,1
DA:6,1
DA:7,1
DA:8,1
DA:9,1
DA:10,1
DA:11,1
DA:12,1
DA:13,1
DA:14,1
DA:15,1
DA:16,1
DA:18,1
DA:20,1
DA:21,1
DA:22,1
DA:27,1
DA:30,1
DA:34,1
DA:35,1
DA:38,1
DA:39,1
DA:40,1
DA:46,1
DA:55,1
DA:56,1
DA:57,1
DA:58,1
DA:59,1
DA:61,1
DA:62,1
DA:64,1
DA:65,1
DA:67,1
DA:68,1
DA:69,1
DA:70,1
DA:71,1
DA:73,1
DA:74,1
DA:75,1
DA:76,1
DA:78,1
DA:79,1
DA:80,1
DA:81,1
DA:82,1
DA:83,1
DA:84,1
DA:85,1
DA:86,1
DA:87,1
DA:88,1
DA:89,1
DA:90,1
DA:91,1
DA:92,1
DA:93,1
DA:94,1
DA:95,1
DA:97,1
DA:100,1
DA:101,1
DA:102,1
DA:104,1
DA:105,1
DA:106,1
DA:107,1
DA:108,1
DA:109,1
DA:110,1
DA:111,1
DA:112,1
DA:113,1
DA:116,1
DA:118,1
DA:120,1
DA:122,1
DA:123,1
DA:124,1
DA:126,1
DA:127,1
DA:128,1
DA:129,1
DA:130,1
DA:131,1
DA:132,1
DA:134,1
DA:138,1
DA:139,1
DA:140,1
LF:94
LH:94
FN:61,62,MonitorAdmin.agent_
FNDA:1,MonitorAdmin.agent_
FN:64,65,MonitorAdmin.get_queryset
FNDA:1,MonitorAdmin.get_queryset
FN:68,71,MonitorAdmin.events
FNDA:1,MonitorAdmin.events
FN:73,76,MonitorAdmin.response_add
FNDA:1,MonitorAdmin.response_add
FN:79,102,MonitorAdmin.configure
FNDA:1,MonitorAdmin.configure
FN:105,120,MonitorAdmin.schedule
FNDA:1,MonitorAdmin.schedule
FN:123,140,MonitorAdmin.test
FNDA:1,MonitorAdmin.test
FNF:7
FNH:7
BRDA:83,0,jump to line 84,1
BRDA:83,0,jump to line 97,1
BRDA:85,0,jump to line 86,1
BRDA:85,0,jump to line 100,1
BRDA:93,0,jump to line 94,1
BRDA:93,0,jump to line 95,1
BRDA:108,0,jump to line 109,1
BRDA:108,0,jump to line 116,1
BRDA:110,0,jump to line 111,1
BRDA:110,0,jump to line 118,1
BRDA:128,0,jump to line 129,1
BRDA:128,0,jump to line 138,1
BRDA:131,0,jump to line 132,1
BRDA:131,0,jump to line 134,1
BRF:14
BRH:14
end_of_record
SF:src/bitcaster/admin/notification.py
DA:1,1
DA:2,1
DA:4,1
DA:5,1
DA:6,1
DA:7,1
DA:8,1
DA:9,1
DA:11,1
DA:12,1
DA:13,1
DA:18,1
DA:21,1
DA:22,1
DA:23,1
DA:24,1
DA:29,1
DA:30,1
DA:32,1
DA:33,1
DA:35,1
DA:36,1
DA:48,1
DA:49,1
DA:50,1
DA:51,1
DA:52,1
DA:53,1
DA:54,1
DA:55,1
DA:56,1
DA:57,1
DA:59,1
DA:61,1
DA:62,1
DA:63,1
DA:64,1
LF:37
LH:37
FN:32,33,NotificationAdmin.get_exclude
FNDA:1,NotificationAdmin.get_exclude
FN:35,46,NotificationAdmin.get_queryset
FNDA:1,NotificationAdmin.get_queryset
FN:49,64,NotificationAdmin.messages
FNDA:1,NotificationAdmin.messages
FNF:3
FNH:3
BRDA:53,0,jump to line 54,1
BRDA:53,0,jump to line 61,1
BRDA:55,0,jump to line 56,1
BRDA:55,0,jump to line 59,1
BRF:4
BRH:4
end_of_record
SF:src/bitcaster/admin/occurrence.py
DA:1,1
DA:3,1
DA:4,1
DA:5,1
DA:6,1
DA:7,1
DA:8,1
DA:9,1
DA:10,1
DA:12,1
DA:13,1
DA:15,1
DA:17,1
DA:20,1
DA:21,1
DA:22,1
DA:23,1
DA:29,1
DA:30,1
DA:32,1
DA:33,1
DA:35,1
DA:36,1
DA:38,1
DA:39,1
DA:41,1
DA:42,1
DA:44,1
DA:48,1
DA:49,1
DA:50,1
DA:51,1
DA:52,1
DA:53,1
DA:55,1
DA:64,1
DA:68,1
DA:69,1
DA:70,1
DA:72,1
DA:76,1
DA:77,1
DA:78,1
DA:79,1
LF:44
LH:44
FN:32,33,OccurrenceAdmin.get_list_display
FNDA:1,OccurrenceAdmin.get_list_display
FN:35,36,OccurrenceAdmin.get_queryset
FNDA:1,OccurrenceAdmin.get_queryset
FN:38,39,OccurrenceAdmin.has_add_permission
FNDA:1,OccurrenceAdmin.has_add_permission
FN:41,42,OccurrenceAdmin.has_change_permission
FNDA:1,OccurrenceAdmin.has_change_permission
FN:48,62,OccurrenceAdmin.process
FNDA:1,OccurrenceAdmin.process
FN:68,70,OccurrenceAdmin.purge
FNDA:1,OccurrenceAdmin.purge
FN:76,79,OccurrenceAdmin.payload
FNDA:1,OccurrenceAdmin.payload
FNF:7
FNH:7
BRDA:51,0,jump to line 52,1
BRDA:51,0,jump to line 55,1
BRF:2
BRH:2
end_of_record
SF:src/bitcaster/admin/organization.py
DA:1,1
DA:2,1
DA:4,1
DA:5,1
DA:6,1
DA:7,1
DA:8,1
DA:9,1
DA:11,1
DA:13,1
DA:14,1
DA:15,1
DA:16,1
DA:17,1
DA:22,1
DA:25,1
DA:26,1
DA:40,1
DA:41,1
DA:44,1
DA:45,1
DA:46,1
DA:47,1
DA:49,1
DA:56,1
DA:58,1
DA:59,1
DA:60,1
DA:62,1
DA:64,1
DA:65,1
DA:66,1
DA:67,1
DA:68,1
DA:70,1
DA:71,1
DA:72,1
DA:74,1
DA:75,1
DA:76,1
DA:78,1
DA:79,1
DA:81,1
DA:82,1
DA:83,1
DA:85,1
DA:86,1
DA:88,1
DA:89,1
DA:90,1
DA:91,1
DA:93,1
DA:94,1
DA:95,1
DA:96,1
DA:97,1
DA:99,1
DA:100,1
DA:104,1
DA:105,1
DA:106,1
DA:107,1
DA:108,1
DA:109,1
DA:110,1
DA:111,1
DA:112,1
DA:113,1
DA:119,1
DA:120,1
DA:121,1
LF:71
LH:71
FN:49,62,OrganizationAdmin.changeform_view
FNDA:1,OrganizationAdmin.changeform_view
FN:65,68,OrganizationAdmin.current
FNDA:1,OrganizationAdmin.current
FN:71,72,OrganizationAdmin.channels
FNDA:1,OrganizationAdmin.channels
FN:75,83,OrganizationAdmin.project
FNDA:1,OrganizationAdmin.project
FN:85,86,OrganizationAdmin.has_add_permission
FNDA:1,OrganizationAdmin.has_add_permission
FN:88,91,OrganizationAdmin.has_delete_permission
FNDA:1,OrganizationAdmin.has_delete_permission
FN:93,97,OrganizationAdmin.get_readonly_fields
FNDA:1,OrganizationAdmin.get_readonly_fields
FN:99,102,OrganizationAdmin.get_changeform_initial_data
FNDA:1,OrganizationAdmin.get_changeform_initial_data
FN:105,121,OrganizationAdmin.import_from_file
FNDA:1,OrganizationAdmin.import_from_file
FNF:9
FNH:9
BRDA:66,0,jump to line 67,1
BRDA:66,0,jump to line 68,1
BRDA:78,0,jump to line 79,1
BRDA:78,0,jump to line 81,1
BRDA:89,0,jump to line 90,1
BRDA:89,0,jump to line 91,1
BRDA:95,0,jump to line 96,1
BRDA:95,0,jump to line 97,1
BRDA:108,0,jump to line 109,1
BRDA:108,0,jump to line 119,1
BRDA:110,0,jump to line 111,1
BRDA:110,0,jump to line 120,1
BRF:12
BRH:12
end_of_record
SF:src/bitcaster/admin/overrides.py
DA:1,1
DA:2,1
DA:4,1
DA:5,1
DA:6,1
DA:7,1
DA:8,1
DA:9,1
DA:10,1
DA:11,1
DA:12,1
DA:13,1
DA:14,1
DA:15,1
DA:17,1
DA:22,1
DA:25,1
DA:26,1
DA:27,1
DA:28,1
DA:29,1
DA:37,1
DA:38,1
DA:39,1
DA:40,1
DA:41,1
DA:42,1
DA:44,1
DA:45,1
DA:47,1
DA:50,1
DA:51,1
DA:52,1
DA:53,1
DA:54,1
DA:55,1
DA:56,1
DA:57,1
LF:38
LH:38
FN:44,45,FlagStateAdmin.active
FNDA:1,FlagStateAdmin.active
FN:52,57,PeriodicTaskAdmin.run
FNDA:1,PeriodicTaskAdmin.run
FNF:2
FNH:2
BRDA:55,0,jump to line 56,1
BRF:2
BRH:2
end_of_record
SF:src/bitcaster/admin/project.py
DA:1,1
DA:2,1
DA:4,1
DA:5,1
DA:6,1
DA:7,1
DA:8,1
DA:10,1
DA:12,1
DA:13,1
DA:14,1
DA:15,1
DA:16,1
DA:21,1
DA:24,1
DA:25,1
DA:26,1
DA:27,1
DA:28,1
DA:29,1
DA:30,1
DA:32,1
DA:33,1
DA:34,1
DA:35,1
DA:37,1
DA:44,1
DA:46,1
DA:47,1
DA:48,1
DA:50,1
DA:52,1
DA:56,1
DA:57,1
DA:59,1
DA:61,1
DA:65,1
DA:66,1
DA:68,1
DA:70,1
DA:74,1
DA:75,1
DA:77,1
DA:79,1
DA:80,1
DA:81,1
DA:82,1
DA:83,1
DA:85,1
DA:86,1
DA:88,1
DA:89,1
DA:90,1
DA:91,1
DA:93,1
DA:94,1
DA:95,1
DA:96,1
DA:97,1
LF:59
LH:59
FN:33,35,ProjectAdmin.current
FNDA:1,ProjectAdmin.current
FN:37,50,ProjectAdmin.changeform_view
FNDA:1,ProjectAdmin.changeform_view
FN:56,59,ProjectAdmin.add_application
FNDA:1,ProjectAdmin.add_application
FN:65,68,ProjectAdmin.add_distribution_list
FNDA:1,ProjectAdmin.add_distribution_list
FN:74,77,ProjectAdmin.add_channel
FNDA:1,ProjectAdmin.add_channel
FN:79,83,ProjectAdmin.get_readonly_fields
FNDA:1,ProjectAdmin.get_readonly_fields
FN:85,86,ProjectAdmin.has_add_permission
FNDA:1,ProjectAdmin.has_add_permission
FN:88,91,ProjectAdmin.has_delete_permission
FNDA:1,ProjectAdmin.has_delete_permission
FN:93,97,ProjectAdmin.get_changeform_initial_data
FNDA:1,ProjectAdmin.get_changeform_initial_data
FNF:9
FNH:9
BRDA:81,0,jump to line 82,1
BRDA:81,0,jump to line 83,1
BRDA:89,0,jump to line 90,1
BRDA:89,0,jump to line 91,1
BRF:4
BRH:4
end_of_record
SF:src/bitcaster/admin/register.py
DA:1,1
DA:2,1
DA:4,1
DA:6,1
DA:7,1
DA:8,1
DA:9,1
DA:10,1
DA:11,1
DA:12,1
DA:13,1
DA:14,1
DA:15,1
DA:16,1
DA:17,1
DA:18,1
DA:19,1
DA:20,1
DA:21,1
DA:22,1
DA:28,1
DA:29,1
DA:30,1
DA:32,1
DA:33,1
DA:35,1
DA:36,1
DA:38,1
DA:39,1
DA:42,1
DA:43,1
DA:44,1
DA:45,1
DA:46,1
DA:47,1
DA:48,1
DA:49,1
DA:50,1
DA:51,1
DA:52,1
DA:53,1
DA:54,1
DA:55,1
DA:56,1
DA:57,1
DA:58,1
DA:59,1
LF:47
LH:47
end_of_record
SF:src/bitcaster/admin/user.py
DA:1,1
DA:2,1
DA:4,1
DA:5,1
DA:6,1
DA:7,1
DA:8,1
DA:9,1
DA:10,1
DA:11,1
DA:12,1
DA:13,1
DA:15,1
DA:16,1
DA:17,1
DA:22,1
DA:25,1
DA:26,1
DA:27,1
DA:29,1
DA:30,1
DA:31,1
DA:32,1
DA:33,1
DA:49,1
DA:51,1
DA:53,1
DA:54,1
DA:56,1
DA:57,1
DA:59,1
DA:60,1
DA:61,1
DA:66,1
DA:67,1
DA:68,1
DA:69,1
DA:70,1
DA:71,1
DA:72,1
DA:73,1
DA:74,1
DA:76,1
DA:77,1
DA:78,1
DA:80,1
DA:81,1
DA:82,1
DA:83,1
DA:84,1
DA:86,1
DA:87,1
DA:88,1
DA:89,1
DA:90,1
DA:92,1
DA:93,1
DA:94,1
DA:95,1
DA:96,1
DA:98,1
DA:99,1
DA:100,1
DA:101,1
DA:102,1
LF:65
LH:65
FN:53,54,UserAdmin.toggle_superuser
FNDA:1,UserAdmin.toggle_superuser
FN:56,57,UserAdmin.toggle_staff
FNDA:1,UserAdmin.toggle_staff
FN:59,78,UserAdmin.add_to_distributionlist
FNDA:1,UserAdmin.add_to_distributionlist
FN:81,84,UserAdmin.addresses
FNDA:1,UserAdmin.addresses
FN:87,90,UserAdmin.lists
FNDA:1,UserAdmin.lists
FN:93,96,UserAdmin.notifications
FNDA:1,UserAdmin.notifications
FN:99,102,UserAdmin.events
FNDA:1,UserAdmin.events
FNF:7
FNH:7
BRDA:66,0,jump to line 67,1
BRDA:66,0,jump to line 76,1
BRDA:68,0,jump to line 69,1
BRDA:68,0,jump to line 77,1
BRDA:70,0,jump to line 71,1
BRDA:70,0,jump to line 73,1
BRDA:71,0,jump to line 70,1
BRDA:71,0,jump to line 72,1
BRF:8
BRH:8
end_of_record
SF:src/bitcaster/admin/userrole.py
DA:1,1
DA:2,1
DA:4,1
DA:6,1
DA:7,1
DA:13,1
DA:16,1
DA:17,1
DA:22,1
DA:26,1
DA:27,1
DA:28,1
DA:30,1
DA:31,1
LF:14
LH:14
FN:30,31,UserRoleAdmin.get_queryset
FNDA:1,UserRoleAdmin.get_queryset
FNF:1
FNH:1
end_of_record
SF:src/bitcaster/admin_site.py
DA:1,1
DA:3,1
DA:4,1
DA:5,1
DA:6,1
DA:9,1
DA:10,1
DA:13,1
DA:14,1
DA:15,1
DA:16,1
DA:18,1
DA:19,1
DA:20,1
DA:21,1
LF:15
LH:15
FN:18,21,BitcasterAdminSite.each_context
FNDA:1,BitcasterAdminSite.each_context
FNF:1
FNH:1
end_of_record
SF:src/bitcaster/agents/__init__.py
DA:1,1
DA:2,1
DA:4,1
LF:3
LH:3
end_of_record
SF:src/bitcaster/agents/base.py
DA:1,1
DA:2,1
DA:4,1
DA:5,1
DA:6,1
DA:12,1
DA:13,1
DA:14,1
DA:19,1
DA:20,1
DA:21,1
DA:22,1
DA:23,1
DA:24,1
DA:25,1
DA:28,1
DA:29,1
DA:32,1
DA:33,1
DA:34,1
DA:36,1
DA:37,1
DA:42,1
DA:43,1
DA:44,1
DA:45,1
DA:46,1
DA:47,1
DA:59,1
DA:63,1
LF:30
LH:30
FN:16,17,AgentMeta.__repr__
FNDA:0,AgentMeta.__repr__
FN:19,25,AgentMeta.__new__
FNDA:1,AgentMeta.__new__
FN:36,37,Agent.__init__
FNDA:1,Agent.__init__
FN:39,40,Agent.__repr__
FNDA:0,Agent.__repr__
FN:43,47,Agent.config
FNDA:1,Agent.config
FN:50,50,Agent.check
FNDA:0,Agent.check
FN:53,53,Agent.notify
FNDA:0,Agent.notify
FN:56,56,Agent.changes_detected
FNDA:0,Agent.changes_detected
FNF:8
FNH:3
BRDA:20,0,jump to line 21,1
BRDA:20,0,jump to line 22,1
BRDA:23,0,jump to line 24,1
BRDA:23,0,jump to line 25,1
BRDA:45,0,jump to line 46,1
BRDA:45,0,jump to line 47,1
BRF:6
BRH:6
end_of_record
SF:src/bitcaster/agents/fs.py
DA:1,1
DA:2,1
DA:3,1
DA:5,1
DA:6,1
DA:7,1
DA:8,1
DA:9,1
DA:10,1
DA:12,1
DA:15,1
DA:16,1
DA:17,1
DA:19,1
DA:20,1
DA:21,1
DA:28,1
DA:29,1
DA:30,1
DA:31,1
DA:32,1
DA:33,1
DA:36,1
DA:37,1
DA:38,1
DA:43,1
DA:49,1
DA:52,1
DA:53,1
DA:54,1
DA:55,1
DA:56,1
DA:57,1
DA:59,1
DA:60,1
DA:61,1
DA:64,1
DA:65,1
DA:66,1
DA:68,1
DA:69,1
DA:70,1
DA:75,1
DA:77,1
DA:78,1
DA:79,1
DA:81,1
DA:82,1
DA:83,1
DA:84,1
DA:85,1
DA:86,1
DA:87,1
DA:88,1
DA:89,1
DA:90,1
DA:91,1
DA:93,1
DA:96,1
DA:97,1
DA:98,1
DA:99,1
DA:100,1
DA:101,1
DA:102,1
DA:103,1
DA:108,1
DA:109,1
DA:110,1
DA:116,1
DA:118,1
DA:119,1
DA:121,1
DA:122,1
DA:125,1
DA:126,1
DA:128,1
DA:129,1
DA:130,1
DA:131,1
DA:132,1
DA:133,1
DA:134,1
DA:136,1
DA:137,1
DA:138,1
DA:139,1
DA:140,1
LF:88
LH:88
FN:15,25,_validate_path
FNDA:1,_validate_path
FN:28,33,resolve_path
FNDA:1,resolve_path
FN:36,49,validate_path
FNDA:1,validate_path
FN:59,61,AgentFileSystemConfig.clean_path
FNDA:1,AgentFileSystemConfig.clean_path
FN:68,75,AgentFiles.initialize
FNDA:1,AgentFiles.initialize
FN:78,79,AgentFiles.path
FNDA:1,AgentFiles.path
FN:81,91,AgentFiles.diff
FNDA:1,AgentFiles.diff
FN:93,94,AgentFiles.scan
FNDA:0,AgentFiles.scan
FN:96,116,AgentFiles.check
FNDA:1,AgentFiles.check
FN:118,119,AgentFiles.changes_detected
FNDA:1,AgentFiles.changes_detected
FN:121,122,AgentFiles.notify
FNDA:1,AgentFiles.notify
FN:128,140,AgentFileSystem.scan
FNDA:1,AgentFileSystem.scan
FNF:12
FNH:11
BRDA:16,0,jump to line 17,1
BRDA:16,0,jump to line 19,1
BRDA:29,0,jump to line 30,1
BRDA:29,0,jump to line 31,1
BRDA:31,0,jump to line 32,1
BRDA:31,0,jump to line 33,1
BRDA:38,0,jump to line 43,1
BRDA:38,0,jump to line 49,1
BRDA:83,0,jump to line 84,1
BRDA:83,0,jump to line 88,1
BRDA:84,0,jump to line 85,1
BRDA:84,0,jump to line 86,1
BRDA:86,0,jump to line 83,1
BRDA:86,0,jump to line 87,1
BRDA:88,0,jump to line 89,1
BRDA:88,0,jump to line 91,1
BRDA:89,0,jump to line 88,1
BRDA:89,0,jump to line 90,1
BRDA:97,0,jump to line 98,1
BRDA:97,0,jump to line 100,1
BRDA:108,0,jump to line 109,1
BRDA:108,0,jump to line 110,1
BRDA:110,0,jump to line 116,1
BRDA:110,0,return from function 'check',1
BRDA:130,0,jump to line 131,1
BRDA:130,0,jump to line 138,1
BRDA:131,0,jump to line 132,1
BRDA:131,0,jump to line 136,1
BRDA:132,0,jump to line 133,1
BRDA:132,0,jump to line 140,1
BRDA:133,0,jump to line 132,1
BRDA:133,0,jump to line 134,1
BRDA:136,0,jump to line 137,1
BRDA:136,0,jump to line 140,1
BRDA:138,0,jump to line 139,1
BRDA:138,0,jump to line 140,1
BRF:36
BRH:36
end_of_record
SF:src/bitcaster/agents/ftp.py
DA:1,1
DA:2,1
DA:3,1
DA:5,1
DA:6,1
DA:8,1
DA:9,1
DA:12,1
DA:13,1
DA:14,1
DA:15,1
DA:17,1
DA:18,1
DA:19,1
DA:22,1
DA:23,1
DA:25,1
DA:26,1
DA:27,1
DA:28,1
DA:29,1
DA:31,1
DA:33,1
DA:34,1
LF:24
LH:24
FN:26,31,AgentFTP.client
FNDA:1,AgentFTP.client
FN:33,34,AgentFTP.scan
FNDA:1,AgentFTP.scan
FNF:2
FNH:2
end_of_record
SF:src/bitcaster/api/__init__.py
end_of_record
SF:src/bitcaster/api/application.py
DA:1,1
DA:3,1
DA:4,1
DA:5,1
DA:6,1
DA:7,1
DA:8,1
DA:9,1
DA:11,1
DA:12,1
DA:13,1
DA:14,1
DA:15,1
DA:18,1
DA:21,1
DA:22,1
DA:23,1
DA:24,1
DA:26,1
DA:27,1
DA:32,1
DA:33,1
DA:34,1
LF:23
LH:23
FN:26,30,ApplicationView.get_queryset
FNDA:1,ApplicationView.get_queryset
FN:33,34,ApplicationView.list
FNDA:1,ApplicationView.list
FNF:2
FNH:2
end_of_record
SF:src/bitcaster/api/base.py
DA:1,1
DA:3,1
DA:4,1
DA:5,1
DA:10,1
DA:11,1
DA:12,1
DA:13,1
DA:15,1
DA:16,1
DA:25,1
DA:26,1
DA:31,1
DA:32,1
DA:34,1
DA:35,1
DA:36,1
DA:38,1
DA:39,1
DA:40,1
DA:41,1
DA:43,1
DA:44,1
DA:45,1
DA:46,1
DA:47,1
DA:48,1
DA:51,1
DA:55,1
DA:56,1
LF:30
LH:30
FN:35,36,SecurityMixin.grants
FNDA:1,SecurityMixin.grants
FN:38,41,SecurityMixin.handle_exception
FNDA:1,SecurityMixin.handle_exception
FN:43,48,SecurityMixin.get_serializer_class
FNDA:1,SecurityMixin.get_serializer_class
FNF:3
FNH:3
BRDA:39,0,jump to line 40,1
BRDA:39,0,jump to line 41,1
BRDA:44,0,jump to line 45,1
BRDA:44,0,jump to line 48,1
BRDA:45,0,jump to line 46,1
BRDA:45,0,jump to line 47,1
BRF:6
BRH:6
end_of_record
SF:src/bitcaster/api/channel.py
DA:1,1
DA:3,1
DA:4,1
DA:5,1
DA:6,1
DA:7,1
DA:8,1
DA:9,1
DA:11,1
DA:12,1
DA:13,1
DA:14,1
DA:16,1
DA:19,1
DA:22,1
DA:23,1
DA:25,1
DA:26,1
DA:27,1
DA:31,1
DA:32,1
DA:35,1
DA:37,1
DA:38,1
DA:39,1
DA:41,1
DA:42,1
DA:43,1
LF:28
LH:28
FN:25,35,ChannelView.get_queryset
FNDA:1,ChannelView.get_queryset
FN:38,39,ChannelView.list_for_org
FNDA:1,ChannelView.list_for_org
FN:42,43,ChannelView.list_for_project
FNDA:1,ChannelView.list_for_project
FNF:3
FNH:3
BRDA:26,0,jump to line 27,1
BRDA:26,0,jump to line 31,1
BRDA:31,0,jump to line 32,1
BRDA:31,0,jump to line 35,1
BRF:4
BRH:4
end_of_record
SF:src/bitcaster/api/distribution_list.py
DA:1,1
DA:2,1
DA:4,1
DA:5,1
DA:6,1
DA:7,1
DA:8,1
DA:9,1
DA:10,1
DA:11,1
DA:12,1
DA:14,1
DA:15,1
DA:16,1
DA:17,1
DA:20,1
DA:21,1
DA:24,1
DA:25,1
DA:26,1
DA:27,1
DA:29,1
DA:30,1
DA:31,1
DA:34,1
DA:35,1
DA:37,1
DA:38,1
DA:39,1
DA:41,1
DA:42,1
DA:44,1
DA:45,1
DA:46,1
DA:47,1
DA:48,1
DA:50,1
DA:51,1
DA:52,1
DA:55,1
DA:58,1
DA:59,1
DA:61,1
DA:62,1
DA:63,1
DA:67,1
DA:68,1
DA:70,1
DA:71,1
DA:75,1
DA:85,1
DA:86,1
DA:87,1
DA:88,1
DA:89,1
DA:90,1
DA:91,1
DA:92,1
DA:93,1
DA:94,1
DA:95,1
DA:96,1
DA:108,1
DA:111,1
DA:112,1
DA:114,1
DA:115,1
LF:67
LH:67
FN:41,42,DistributionListSerializer.get_members
FNDA:1,DistributionListSerializer.get_members
FN:44,48,DistributionListSerializer.validate_name
FNDA:1,DistributionListSerializer.validate_name
FN:50,52,DistributionListSerializer.create
FNDA:1,DistributionListSerializer.create
FN:62,65,DistributionView.project
FNDA:1,DistributionView.project
FN:67,68,DistributionView.get_object
FNDA:1,DistributionView.get_object
FN:70,73,DistributionView.get_queryset
FNDA:1,DistributionView.get_queryset
FN:86,105,DistributionView.add_recipient
FNDA:1,DistributionView.add_recipient
FN:114,117,DistributionMembersView.get_queryset
FNDA:1,DistributionMembersView.get_queryset
FNF:8
FNH:8
BRDA:46,0,jump to line 47,1
BRDA:46,0,jump to line 48,1
BRDA:93,0,jump to line 94,1
BRDA:93,0,jump to line 95,1
BRF:4
BRH:4
end_of_record
SF:src/bitcaster/api/event.py
DA:1,1
DA:3,1
DA:4,1
DA:5,1
DA:6,1
DA:7,1
DA:9,1
DA:10,1
DA:11,1
DA:12,1
DA:19,1
DA:22,1
DA:23,1
DA:24,1
DA:25,1
DA:27,1
DA:28,1
DA:29,1
DA:30,1
DA:31,1
DA:34,1
DA:35,1
DA:36,1
DA:39,1
DA:40,1
DA:41,1
DA:42,1
DA:45,1
DA:48,1
DA:49,1
DA:51,1
DA:52,1
DA:59,1
DA:62,1
DA:63,1
DA:64,1
DA:65,1
DA:67,1
DA:68,1
DA:74,1
DA:75,1
DA:76,1
DA:77,1
DA:78,1
DA:79,1
DA:80,1
DA:81,1
DA:82,1
DA:83,1
DA:84,1
DA:85,1
DA:86,1
DA:87,1
DA:88,1
DA:89,1
DA:90,1
DA:91,0
DA:93,1
DA:94,1
DA:99,1
DA:100,1
DA:101,1
DA:102,1
DA:103,1
DA:105,1
LF:65
LH:64
FN:27,31,OptionSerializer.validate
FNDA:1,OptionSerializer.validate
FN:51,56,EventList.get_queryset
FNDA:1,EventList.get_queryset
FN:67,72,EventTrigger.get_queryset
FNDA:1,EventTrigger.get_queryset
FN:74,105,EventTrigger.post
FNDA:1,EventTrigger.post
FNF:4
FNH:4
BRDA:29,0,jump to line 30,1
BRDA:29,0,jump to line 31,1
BRDA:77,0,jump to line 78,1
BRDA:77,0,jump to line 105,1
BRDA:81,0,jump to line 82,1
BRDA:81,0,jump to line 83,1
BRDA:83,0,jump to line 84,1
BRDA:83,0,jump to line 85,1
BRDA:85,0,jump to line 86,1
BRDA:85,0,jump to line 87,1
BRDA:89,0,jump to line 90,1
BRDA:89,0,jump to line 94,1
BRDA:90,0,jump to line 91,0
BRDA:90,0,jump to line 93,1
BRF:14
BRH:13
end_of_record
SF:src/bitcaster/api/org.py
DA:1,1
DA:2,1
DA:3,1
DA:4,1
DA:5,1
DA:7,1
DA:8,1
DA:9,1
DA:10,1
DA:11,1
DA:14,1
DA:15,1
DA:16,1
DA:17,1
DA:19,1
DA:20,1
DA:21,1
DA:23,1
DA:24,1
DA:26,1
DA:27,1
DA:29,1
DA:30,1
DA:33,1
DA:36,1
DA:37,1
DA:38,1
DA:39,1
DA:41,1
DA:42,1
LF:30
LH:30
FN:23,24,OrgSerializer.get_users
FNDA:1,OrgSerializer.get_users
FN:26,27,OrgSerializer.get_projects
FNDA:1,OrgSerializer.get_projects
FN:29,30,OrgSerializer.get_channels
FNDA:1,OrgSerializer.get_channels
FN:41,42,OrgView.get_queryset
FNDA:1,OrgView.get_queryset
FNF:4
FNH:4
end_of_record
SF:src/bitcaster/api/permissions.py
DA:1,1
DA:2,1
DA:4,1
DA:5,1
DA:7,1
DA:8,1
DA:9,1
DA:16,1
DA:19,1
DA:20,1
DA:21,1
DA:23,1
DA:24,1
DA:25,1
DA:26,1
DA:27,1
DA:30,1
DA:31,1
DA:32,1
DA:33,1
DA:34,1
DA:35,1
DA:36,1
DA:37,1
DA:38,1
DA:40,1
DA:41,1
DA:42,1
DA:43,1
DA:44,1
DA:46,1
DA:47,1
DA:48,1
DA:49,1
DA:50,1
DA:51,1
DA:52,1
DA:55,1
DA:56,1
DA:57,1
DA:58,1
DA:63,1
DA:65,1
DA:66,1
DA:67,1
DA:72,1
LF:46
LH:46
FN:23,27,ApiKeyAuthentication.authenticate
FNDA:1,ApiKeyAuthentication.authenticate
FN:31,52,ApiBasePermission._check_valid_scope
FNDA:1,ApiBasePermission._check_valid_scope
FN:56,63,ApiApplicationPermission.has_permission
FNDA:1,ApiApplicationPermission.has_permission
FN:65,72,ApiApplicationPermission.has_object_permission
FNDA:1,ApiApplicationPermission.has_object_permission
FNF:4
FNH:4
BRDA:25,0,jump to line 26,1
BRDA:25,0,jump to line 27,1
BRDA:32,0,jump to line 33,1
BRDA:32,0,jump to line 34,1
BRDA:34,0,jump to line 35,1
BRDA:34,0,jump to line 40,1
BRDA:35,0,jump to line 36,1
BRDA:35,0,jump to line 37,1
BRDA:37,0,jump to line 38,1
BRDA:37,0,jump to line 40,1
BRDA:40,0,jump to line 41,1
BRDA:40,0,jump to line 46,1
BRDA:41,0,jump to line 42,1
BRDA:41,0,jump to line 43,1
BRDA:43,0,jump to line 44,1
BRDA:43,0,jump to line 46,1
BRDA:46,0,jump to line 47,1
BRDA:46,0,jump to line 48,1
BRDA:49,0,jump to line 50,1
BRDA:49,0,jump to line 52,1
BRDA:57,0,jump to line 58,1
BRDA:57,0,jump to line 63,1
BRDA:66,0,jump to line 67,1
BRDA:66,0,jump to line 72,1
BRF:24
BRH:24
end_of_record
SF:src/bitcaster/api/project.py
DA:1,1
DA:3,1
DA:4,1
DA:5,1
DA:6,1
DA:7,1
DA:8,1
DA:9,1
DA:11,1
DA:12,1
DA:13,1
DA:14,1
DA:15,1
DA:18,1
DA:21,1
DA:22,1
DA:23,1
DA:24,1
DA:26,1
DA:27,1
DA:31,1
DA:32,1
DA:33,1
LF:23
LH:23
FN:26,29,ProjectView.get_queryset
FNDA:1,ProjectView.get_queryset
FN:32,33,ProjectView.retrieve
FNDA:1,ProjectView.retrieve
FNF:2
FNH:2
end_of_record
SF:src/bitcaster/api/serializers.py
DA:1,1
DA:2,1
DA:4,1
DA:5,1
DA:8,1
DA:9,1
DA:11,1
DA:12,1
DA:13,1
DA:15,1
DA:16,1
DA:19,1
DA:20,1
DA:21,1
DA:22,1
DA:25,1
DA:26,1
DA:27,1
DA:28,1
DA:30,1
DA:31,1
DA:32,1
DA:34,1
DA:35,1
DA:37,1
DA:38,1
DA:40,1
DA:41,1
DA:44,1
DA:45,1
DA:47,1
DA:48,1
DA:49,1
DA:51,1
DA:52,1
DA:55,1
DA:56,1
DA:57,1
DA:58,1
LF:39
LH:39
FN:15,16,ChannelSerializer.get_dispatcher
FNDA:1,ChannelSerializer.get_dispatcher
FN:34,35,ProjectSerializer.get_applications
FNDA:1,ProjectSerializer.get_applications
FN:37,38,ProjectSerializer.get_lists
FNDA:1,ProjectSerializer.get_lists
FN:40,41,ProjectSerializer.get_channels
FNDA:1,ProjectSerializer.get_channels
FN:51,52,ApplicationSerializer.get_events
FNDA:1,ApplicationSerializer.get_events
FNF:5
FNH:5
end_of_record
SF:src/bitcaster/api/system.py
DA:1,1
DA:3,1
DA:4,1
DA:5,1
DA:6,1
DA:7,1
DA:9,1
DA:10,1
DA:11,1
DA:17,1
DA:18,1
DA:21,1
DA:22,1
DA:23,1
DA:24,1
DA:26,1
DA:27,1
DA:28,1
DA:29,1
DA:30,1
LF:20
LH:20
FN:27,30,PingView.get
FNDA:1,PingView.get
FNF:1
FNH:1
end_of_record
SF:src/bitcaster/api/urls.py
DA:1,1
DA:2,1
DA:4,1
DA:5,1
DA:6,1
DA:7,1
DA:8,1
DA:9,1
DA:10,1
DA:11,1
DA:13,1
DA:15,1
DA:17,1
LF:13
LH:13
end_of_record
SF:src/bitcaster/api/user.py
DA:1,1
DA:3,1
DA:4,1
DA:5,1
DA:6,1
DA:7,1
DA:8,1
DA:9,1
DA:10,1
DA:11,1
DA:12,1
DA:14,1
DA:15,1
DA:16,1
DA:17,1
DA:18,1
DA:19,1
DA:22,1
DA:23,1
DA:24,1
DA:26,1
DA:27,1
DA:28,1
DA:30,1
DA:31,1
DA:32,1
DA:34,1
DA:35,1
DA:37,1
DA:38,1
DA:40,1
DA:43,1
DA:44,1
DA:46,1
DA:47,1
DA:48,1
DA:50,1
DA:51,1
DA:52,1
DA:53,1
DA:54,1
DA:56,1
DA:57,1
DA:58,1
DA:61,1
DA:62,1
DA:63,1
DA:65,1
DA:66,1
DA:67,1
DA:70,1
DA:71,1
DA:72,1
DA:73,1
DA:86,1
DA:87,1
DA:88,1
DA:90,1
DA:91,1
DA:93,1
DA:94,1
DA:96,1
DA:97,0
DA:99,1
DA:100,1
DA:101,1
DA:102,1
DA:103,1
DA:104,1
DA:106,1
DA:107,1
DA:108,1
DA:109,1
DA:110,1
DA:111,1
DA:112,1
DA:113,1
DA:115,1
DA:116,1
LF:79
LH:78
FN:30,40,UserCreateSerializer.create
FNDA:1,UserCreateSerializer.create
FN:50,58,UserUpdateSerializer.validate
FNDA:1,UserUpdateSerializer.validate
FN:87,88,UserView.organization
FNDA:1,UserView.organization
FN:90,91,UserView.get_queryset
FNDA:1,UserView.get_queryset
FN:93,94,UserView.get_object
FNDA:1,UserView.get_object
FN:96,97,UserView.patch
FNDA:0,UserView.patch
FN:101,104,UserView.list_address
FNDA:1,UserView.list_address
FN:108,116,UserView.add_address
FNDA:1,UserView.add_address
FNF:8
FNH:7
BRDA:34,0,jump to line 35,1
BRDA:34,0,jump to line 37,1
BRDA:52,0,jump to line 53,1
BRDA:52,0,jump to line 58,1
BRDA:53,0,jump to line 54,1
BRDA:53,0,jump to line 56,1
BRDA:112,0,jump to line 113,1
BRDA:112,0,jump to line 115,1
BRF:8
BRH:8
end_of_record
SF:src/bitcaster/apps.py
DA:1,1
DA:2,1
DA:5,1
DA:6,1
DA:7,1
DA:8,1
DA:10,1
DA:11,1
DA:12,1
DA:13,1
DA:14,1
DA:15,1
DA:16,1
DA:18,1
DA:19,1
DA:20,1
LF:16
LH:16
FN:10,20,Config.ready
FNDA:1,Config.ready
FNF:1
FNH:1
BRDA:18,0,jump to line 19,1
BRDA:18,0,return from function 'ready',1
BRDA:19,0,jump to line 20,1
BRF:4
BRH:4
end_of_record
SF:src/bitcaster/auth/__init__.py
end_of_record
SF:src/bitcaster/auth/backends.py
DA:1,1
DA:3,1
DA:4,1
DA:6,1
DA:9,1
LF:5
LH:5
FN:10,21,BitcasterBackend.authenticate
FNDA:0,BitcasterBackend.authenticate
FNF:1
FNH:0
end_of_record
SF:src/bitcaster/auth/constants.py
DA:1,1
DA:3,1
DA:6,1
DA:7,1
DA:8,1
DA:9,1
DA:12,1
DA:13,1
DA:14,1
DA:15,1
DA:16,1
DA:18,1
DA:19,1
DA:21,1
DA:22,1
DA:24,1
LF:16
LH:16
end_of_record
SF:src/bitcaster/cache/__init__.py
DA:1,1
DA:3,1
LF:2
LH:2
end_of_record
SF:src/bitcaster/cache/handlers.py
DA:1,1
DA:2,1
DA:4,1
DA:5,1
DA:6,1
DA:8,1
DA:9,1
DA:11,1
DA:14,1
DA:15,1
DA:16,1
LF:11
LH:11
FN:15,16,invalidate_occurrence_cache
FNDA:1,invalidate_occurrence_cache
FNF:1
FNH:1
end_of_record
SF:src/bitcaster/cache/storage.py
DA:1,1
DA:3,1
DA:4,1
DA:5,1
DA:8,1
DA:9,1
DA:10,1
DA:11,1
DA:12,1
DA:13,1
DA:14,1
DA:17,1
DA:18,1
DA:19,1
DA:21,1
DA:22,1
DA:25,1
DA:26,1
DA:27,1
DA:30,1
DA:31,1
DA:32,1
DA:33,1
LF:23
LH:23
FN:8,14,qs_to_cache
FNDA:1,qs_to_cache
FN:17,22,qs_from_cache
FNDA:1,qs_from_cache
FN:25,27,qs_del_cache
FNDA:1,qs_del_cache
FN:30,33,qs_get_or_store
FNDA:1,qs_get_or_store
FNF:4
FNH:4
BRDA:10,0,jump to line 11,1
BRDA:10,0,jump to line 12,1
BRDA:18,0,jump to line 19,1
BRDA:18,0,jump to line 21,1
BRDA:31,0,jump to line 32,1
BRDA:31,0,jump to line 33,1
BRF:6
BRH:6
end_of_record
SF:src/bitcaster/checks.py
DA:1,1
DA:2,1
DA:3,1
DA:5,1
DA:6,1
DA:7,1
DA:8,1
DA:10,1
DA:12,1
DA:17,1
DA:23,1
DA:30,1
DA:31,1
DA:32,1
DA:33,1
DA:34,1
DA:37,1
DA:38,1
DA:41,1
DA:42,1
DA:43,1
DA:44,1
DA:45,1
DA:46,1
DA:47,1
DA:48,1
LF:26
LH:26
FN:31,38,check_agent_validator
FNDA:1,check_agent_validator
FN:42,48,check_agent_validator_root
FNDA:1,check_agent_validator_root
FNF:2
FNH:2
BRDA:32,0,jump to line 33,1
BRDA:32,0,jump to line 38,1
BRDA:43,0,jump to line 44,1
BRDA:43,0,jump to line 48,1
BRDA:44,0,jump to line 45,1
BRDA:44,0,jump to line 46,1
BRDA:46,0,jump to line 47,1
BRDA:46,0,jump to line 48,1
BRF:8
BRH:8
end_of_record
SF:src/bitcaster/config/__init__.py
DA:1,1
DA:2,1
DA:3,1
DA:5,1
DA:12,1
DA:15,1
DA:16,1
DA:19,1
DA:20,1
DA:23,1
DA:24,1
DA:136,1
DA:137,1
DA:138,1
DA:139,1
DA:140,1
DA:142,1
DA:143,1
DA:144,1
DA:145,1
DA:146,1
DA:148,1
DA:149,1
DA:150,1
DA:151,1
DA:152,1
DA:154,1
DA:155,1
DA:156,1
DA:157,1
DA:158,1
DA:159,1
DA:160,1
DA:161,1
DA:163,1
DA:165,1
DA:167,1
DA:168,1
DA:169,1
DA:170,1
DA:171,1
DA:172,1
DA:173,1
DA:174,1
DA:175,1
DA:176,1
DA:177,1
DA:178,1
DA:181,1
LF:49
LH:49
FN:15,16,setting
FNDA:1,setting
FN:137,140,SmartEnv.__init__
FNDA:1,SmartEnv.__init__
FN:142,146,SmartEnv.get_help
FNDA:1,SmartEnv.get_help
FN:148,152,SmartEnv.for_develop
FNDA:1,SmartEnv.for_develop
FN:154,165,SmartEnv.storage
FNDA:1,SmartEnv.storage
FN:167,178,SmartEnv.get_default
FNDA:1,SmartEnv.get_default
FNF:6
FNH:6
BRDA:144,0,jump to line 145,1
BRDA:144,0,jump to line 146,1
BRDA:150,0,jump to line 151,1
BRDA:150,0,jump to line 152,1
BRDA:156,0,jump to line 157,1
BRDA:156,0,jump to line 158,1
BRDA:159,0,jump to line 160,1
BRDA:159,0,jump to line 163,1
BRDA:170,0,jump to line 171,1
BRDA:170,0,jump to line 178,1
BRF:10
BRH:10
end_of_record
SF:src/bitcaster/config/asgi.py
DA:10,1
DA:12,1
DA:13,1
DA:15,1
DA:17,1
LF:5
LH:5
end_of_record
SF:src/bitcaster/config/celery.py
DA:1,1
DA:2,1
DA:4,1
DA:5,1
DA:6,1
DA:8,1
DA:9,1
DA:11,1
DA:12,1
DA:15,1
DA:16,1
DA:17,1
LF:12
LH:12
FN:16,17,init_sentry
FNDA:1,init_sentry
FNF:1
FNH:1
end_of_record
SF:src/bitcaster/config/fragments/agents.py
DA:1,1
DA:3,1
DA:4,1
LF:3
LH:3
end_of_record
SF:src/bitcaster/config/fragments/bitcaster.py
DA:1,1
DA:3,1
DA:4,1
LF:3
LH:3
end_of_record
SF:src/bitcaster/config/fragments/celery.py
DA:1,1
DA:3,1
DA:4,1
DA:5,1
DA:7,1
DA:9,1
DA:10,1
DA:11,1
DA:12,1
DA:13,1
DA:14,1
DA:15,1
DA:16,1
DA:17,1
DA:18,1
DA:21,1
DA:22,1
DA:24,1
DA:26,1
DA:28,1
DA:29,1
LF:21
LH:21
end_of_record
SF:src/bitcaster/config/fragments/constance.py
DA:1,1
DA:3,1
DA:6,1
DA:25,1
LF:4
LH:4
end_of_record
SF:src/bitcaster/config/fragments/csp.py
DA:1,1
LF:1
LH:1
end_of_record
SF:src/bitcaster/config/fragments/flags.py
DA:1,1
DA:3,1
DA:4,1
LF:3
LH:3
end_of_record
SF:src/bitcaster/config/fragments/logging.py
DA:1,1
DA:3,1
DA:6,1
DA:7,1
DA:8,1
DA:11,1
LF:6
LH:6
FN:6,8,get_logging_level
FNDA:1,get_logging_level
FNF:1
FNH:1
end_of_record
SF:src/bitcaster/config/fragments/rest_framework.py
DA:1,1
DA:3,1
DA:5,1
DA:17,1
DA:19,1
LF:5
LH:5
end_of_record
SF:src/bitcaster/config/fragments/root.py
DA:1,1
DA:3,1
DA:4,1
LF:3
LH:3
end_of_record
SF:src/bitcaster/config/fragments/sentry.py
DA:1,1
DA:2,1
DA:3,1
DA:5,1
DA:7,1
DA:8,1
LF:6
LH:6
end_of_record
SF:src/bitcaster/config/fragments/social_auth.py
DA:1,1
DA:3,1
DA:9,1
DA:10,1
DA:11,1
DA:13,1
DA:26,1
DA:27,1
DA:28,1
DA:29,1
DA:31,1
DA:33,1
LF:12
LH:12
end_of_record
SF:src/bitcaster/config/fragments/tailwind.py
DA:1,1
LF:1
LH:1
end_of_record
SF:src/bitcaster/config/fragments/tinymce.py
DA:3,1
LF:1
LH:1
end_of_record
SF:src/bitcaster/config/fragments/unfold.py
DA:1,1
DA:3,1
DA:4,1
DA:5,1
DA:6,1
DA:12,1
DA:39,1
DA:102,1
DA:240,1
DA:241,1
DA:244,1
DA:245,1
DA:247,1
LF:13
LH:13
FN:240,241,environment_callback
FNDA:1,environment_callback
FN:244,247,occurrence_callback
FNDA:1,occurrence_callback
FNF:2
FNH:2
end_of_record
SF:src/bitcaster/config/settings.py
DA:1,1
DA:2,1
DA:4,1
DA:7,1
DA:8,1
DA:9,1
DA:10,1
DA:14,1
DA:15,1
DA:17,1
DA:18,1
DA:19,1
DA:24,1
DA:73,1
DA:87,1
DA:88,1
DA:89,1
DA:91,1
DA:92,1
DA:95,1
DA:116,1
DA:118,1
DA:119,1
DA:120,1
DA:122,1
DA:126,1
DA:127,1
DA:128,1
DA:133,1
DA:135,1
DA:155,1
DA:174,1
DA:175,1
DA:176,1
DA:183,1
DA:185,1
DA:187,1
DA:193,1
DA:195,1
DA:196,1
DA:197,1
DA:198,1
DA:200,1
DA:201,1
DA:202,1
DA:203,1
DA:204,1
DA:206,1
DA:224,1
DA:226,1
DA:233,1
DA:234,1
DA:235,1
DA:236,1
DA:237,1
DA:238,1
DA:239,1
DA:240,1
DA:241,1
DA:242,1
DA:243,1
DA:244,1
DA:245,1
DA:246,1
DA:247,1
LF:65
LH:65
end_of_record
SF:src/bitcaster/config/urls.py
DA:1,1
DA:2,1
DA:3,1
DA:4,1
DA:10,1
LF:5
LH:5
end_of_record
SF:src/bitcaster/config/wsgi.py
DA:10,1
DA:12,1
DA:13,1
DA:15,1
DA:17,1
LF:5
LH:5
end_of_record
SF:src/bitcaster/constants.py
DA:1,1
DA:2,1
DA:3,1
DA:4,1
DA:6,1
DA:7,1
DA:13,1
DA:16,1
DA:17,1
DA:20,1
DA:21,1
DA:22,1
DA:23,1
DA:24,1
DA:25,1
DA:26,1
DA:28,1
DA:29,1
DA:30,1
DA:37,1
DA:38,1
DA:39,1
DA:41,1
DA:42,1
DA:44,1
DA:45,1
DA:46,1
DA:48,1
DA:49,1
DA:50,1
DA:52,1
DA:53,1
DA:56,1
DA:58,1
DA:67,1
DA:68,1
DA:70,1
DA:71,1
DA:73,1
DA:76,1
DA:77,1
DA:78,1
DA:79,1
DA:80,1
DA:83,1
DA:84,1
DA:85,1
DA:86,1
DA:87,1
DA:88,1
DA:91,1
LF:51
LH:51
FN:29,46,Bitcaster.initialize
FNDA:1,Bitcaster.initialize
FN:49,56,Bitcaster.app
FNDA:1,Bitcaster.app
FN:58,68,Bitcaster.trigger_event
FNDA:1,Bitcaster.trigger_event
FN:70,73,Bitcaster.get_default_group
FNDA:1,Bitcaster.get_default_group
FNF:4
FNH:4
BRDA:41,0,jump to line 42,1
BRDA:41,0,jump to line 44,1
BRDA:52,0,jump to line 53,1
BRDA:52,0,jump to line 56,1
BRF:4
BRH:4
end_of_record
SF:src/bitcaster/dispatchers/__init__.py
DA:1,1
DA:2,1
DA:3,1
DA:4,1
DA:5,1
DA:6,1
DA:7,1
DA:8,1
DA:9,1
DA:11,1
LF:10
LH:10
end_of_record
SF:src/bitcaster/dispatchers/base.py
DA:1,1
DA:2,1
DA:3,1
DA:5,1
DA:6,1
DA:7,1
DA:8,1
DA:9,1
DA:10,1
DA:11,1
DA:13,1
DA:19,1
DA:22,1
DA:23,1
DA:24,1
DA:25,1
DA:28,1
DA:29,1
DA:30,1
DA:31,1
DA:32,1
DA:33,1
DA:34,1
DA:36,1
DA:37,1
DA:40,1
DA:48,1
DA:49,1
DA:50,1
DA:51,1
DA:52,1
DA:53,1
DA:55,1
DA:64,1
DA:65,1
DA:66,1
DA:67,1
DA:68,1
DA:71,1
DA:72,1
DA:75,1
DA:76,1
DA:77,1
DA:82,1
DA:83,1
DA:84,1
DA:85,1
DA:86,1
DA:87,1
DA:88,1
DA:91,1
DA:92,1
DA:93,1
DA:94,1
DA:95,1
DA:96,1
DA:97,1
DA:98,1
DA:99,1
DA:101,1
DA:102,1
DA:107,1
DA:108,1
DA:110,1
DA:111,1
DA:112,1
DA:114,1
DA:115,1
DA:116,1
DA:118,1
DA:119,1
DA:120,1
DA:122,1
DA:123,1
DA:124,1
DA:125,1
DA:126,1
DA:127,1
DA:129,1
DA:130,1
DA:131,1
DA:133,1
DA:136,1
DA:137,1
DA:140,1
DA:144,1
LF:86
LH:86
FN:36,37,MessageProtocol.has_capability
FNDA:1,MessageProtocol.has_capability
FN:55,68,Payload.__init__
FNDA:1,Payload.__init__
FN:79,80,DispatcherMeta.__repr__
FNDA:0,DispatcherMeta.__repr__
FN:82,88,DispatcherMeta.__new__
FNDA:1,DispatcherMeta.__new__
FN:101,102,Dispatcher.__init__
FNDA:1,Dispatcher.__init__
FN:104,105,Dispatcher.__repr__
FNDA:0,Dispatcher.__repr__
FN:107,108,Dispatcher.__str__
FNDA:1,Dispatcher.__str__
FN:111,112,Dispatcher.capabilities
FNDA:1,Dispatcher.capabilities
FN:114,120,Dispatcher.get_connection
FNDA:1,Dispatcher.get_connection
FN:123,127,Dispatcher.config
FNDA:1,Dispatcher.config
FN:130,131,Dispatcher.name
FNDA:1,Dispatcher.name
FN:133,134,Dispatcher.send
FNDA:0,Dispatcher.send
FN:136,137,Dispatcher.subscribe
FNDA:1,Dispatcher.subscribe
FNF:13
FNH:10
BRDA:83,0,jump to line 84,1
BRDA:83,0,jump to line 85,1
BRDA:86,0,jump to line 87,1
BRDA:115,0,jump to line 116,1
BRDA:115,0,jump to line 118,1
BRDA:125,0,jump to line 126,1
BRDA:125,0,jump to line 127,1
BRF:8
BRH:8
end_of_record
SF:src/bitcaster/dispatchers/email.py
DA:1,1
DA:2,1
DA:4,1
DA:5,1
DA:6,1
DA:7,1
DA:8,1
DA:10,1
DA:11,1
DA:17,1
DA:20,1
DA:21,1
DA:22,1
DA:23,1
DA:25,1
DA:26,1
DA:27,1
DA:35,1
DA:36,1
DA:37,1
DA:38,1
DA:40,1
DA:41,1
DA:43,1
DA:44,1
DA:45,1
DA:46,1
DA:53,1
DA:54,1
DA:55,1
DA:56,1
LF:31
LH:31
FN:43,59,EmailDispatcher.send
FNDA:1,EmailDispatcher.send
FNF:1
FNH:1
BRDA:53,0,jump to line 54,1
BRDA:53,0,jump to line 55,1
BRF:2
BRH:2
end_of_record
SF:src/bitcaster/dispatchers/gmail.py
DA:1,1
DA:3,1
DA:4,1
DA:5,1
DA:6,1
DA:7,1
DA:8,1
DA:9,1
DA:11,1
DA:19,1
DA:20,1
DA:22,1
DA:30,1
DA:31,1
DA:32,1
DA:34,1
DA:35,1
DA:36,1
DA:38,1
DA:39,1
DA:40,1
DA:41,1
DA:42,1
DA:43,1
DA:50,1
DA:51,1
DA:52,1
DA:59,1
DA:60,1
DA:61,1
LF:30
LH:30
FN:39,48,GMailDispatcher.config
FNDA:1,GMailDispatcher.config
FN:50,61,GMailDispatcher.send
FNDA:1,GMailDispatcher.send
FNF:2
FNH:2
BRDA:41,0,jump to line 42,1
BRDA:41,0,jump to line 43,1
BRDA:59,0,jump to line 60,1
BRDA:59,0,jump to line 61,1
BRF:4
BRH:4
end_of_record
SF:src/bitcaster/dispatchers/log.py
DA:1,1
DA:2,1
DA:4,1
DA:9,1
DA:11,1
DA:14,1
DA:15,1
DA:16,1
DA:17,1
DA:18,1
DA:19,1
DA:21,1
DA:22,1
DA:24,1
DA:25,1
LF:15
LH:15
FN:21,25,BitcasterSysDispatcher.send
FNDA:1,BitcasterSysDispatcher.send
FNF:1
FNH:1
end_of_record
SF:src/bitcaster/dispatchers/mailgun.py
DA:1,1
DA:2,1
DA:3,1
DA:5,1
DA:6,1
DA:9,1
DA:10,1
DA:11,1
DA:14,1
DA:15,1
DA:16,1
DA:17,1
DA:18,1
LF:13
LH:13
end_of_record
SF:src/bitcaster/dispatchers/mailjet.py
DA:1,1
DA:2,1
DA:3,1
DA:5,1
DA:6,1
DA:9,1
DA:10,1
DA:11,1
DA:14,1
DA:15,1
DA:16,1
DA:17,1
DA:18,1
LF:13
LH:13
end_of_record
SF:src/bitcaster/dispatchers/sendgrid.py
DA:1,1
DA:2,1
DA:3,1
DA:5,1
DA:6,1
DA:9,1
DA:10,1
DA:13,1
DA:14,1
DA:15,1
DA:16,1
DA:17,1
LF:12
LH:12
end_of_record
SF:src/bitcaster/dispatchers/slack.py
DA:1,1
DA:2,1
DA:4,1
DA:5,1
DA:6,1
DA:7,1
DA:9,1
DA:10,1
DA:15,1
DA:18,1
DA:19,1
DA:22,1
DA:23,1
DA:24,1
DA:25,1
DA:26,1
DA:28,1
DA:29,1
DA:30,1
DA:31,1
DA:32,1
LF:21
LH:21
FN:28,35,SlackDispatcher.send
FNDA:1,SlackDispatcher.send
FNF:1
FNH:1
end_of_record
SF:src/bitcaster/dispatchers/sys.py
DA:1,1
DA:3,1
DA:5,1
DA:13,1
DA:14,1
DA:15,1
DA:16,1
DA:17,1
DA:18,1
DA:20,1
DA:21,1
DA:23,1
DA:24,1
DA:25,1
DA:32,1
DA:33,1
DA:34,1
LF:17
LH:17
FN:20,21,SystemDispatcher.get_connection
FNDA:1,SystemDispatcher.get_connection
FN:23,34,SystemDispatcher.send
FNDA:1,SystemDispatcher.send
FNF:2
FNH:2
BRDA:32,0,jump to line 33,1
BRDA:32,0,jump to line 34,1
BRF:2
BRH:2
end_of_record
SF:src/bitcaster/dispatchers/twilio.py
DA:1,1
DA:2,1
DA:4,1
DA:5,1
DA:6,1
DA:7,1
DA:9,1
DA:10,1
DA:15,1
DA:18,1
DA:19,1
DA:20,1
DA:21,1
DA:24,1
DA:25,1
DA:26,1
DA:27,1
DA:28,1
DA:29,1
DA:31,1
DA:32,1
DA:33,1
DA:35,1
DA:41,1
DA:42,1
DA:43,1
DA:44,1
LF:27
LH:27
FN:31,44,TwilioSMS.send
FNDA:1,TwilioSMS.send
FNF:1
FNH:1
end_of_record
SF:src/bitcaster/exceptions.py
DA:1,1
DA:7,1
DA:11,1
DA:15,1
DA:16,1
DA:17,1
DA:19,1
DA:20,1
LF:8
LH:8
FN:16,17,LockError.__init__
FNDA:1,LockError.__init__
FN:19,20,LockError.__str__
FNDA:1,LockError.__str__
FNF:2
FNH:2
end_of_record
SF:src/bitcaster/forms/__init__.py
end_of_record
SF:src/bitcaster/forms/address.py
DA:1,1
DA:2,1
DA:4,1
DA:6,1
DA:9,1
DA:10,1
DA:16,1
DA:17,1
DA:18,1
LF:9
LH:9
end_of_record
SF:src/bitcaster/forms/application.py
DA:1,1
DA:3,1
DA:4,1
DA:5,1
DA:7,1
DA:8,1
DA:10,1
DA:13,1
DA:14,1
DA:21,1
DA:23,1
DA:24,1
DA:25,1
DA:28,1
DA:29,1
DA:30,1
DA:31,1
DA:33,1
DA:34,1
DA:35,1
DA:36,1
LF:21
LH:21
FN:33,36,ApplicationChangeForm.get_initial_for_field
FNDA:1,ApplicationChangeForm.get_initial_for_field
FNF:1
FNH:1
BRDA:34,0,jump to line 35,1
BRDA:34,0,jump to line 36,1
BRF:2
BRH:2
end_of_record
SF:src/bitcaster/forms/assignment.py
DA:1,1
DA:3,1
DA:6,1
DA:7,1
DA:8,1
DA:9,1
LF:6
LH:6
end_of_record
SF:src/bitcaster/forms/channel.py
DA:1,1
DA:3,1
DA:5,1
DA:6,1
DA:9,1
DA:10,1
DA:11,1
DA:12,1
DA:15,1
DA:16,1
DA:17,1
DA:18,1
DA:20,1
DA:21,1
DA:22,1
DA:23,1
DA:24,1
DA:25,1
DA:26,1
DA:27,1
DA:28,1
DA:30,1
LF:22
LH:22
FN:20,30,ChannelChangeForm.clean
FNDA:1,ChannelChangeForm.clean
FNF:1
FNH:1
BRDA:25,0,jump to line 26,1
BRDA:25,0,jump to line 27,1
BRDA:27,0,jump to line 28,1
BRDA:27,0,jump to line 30,1
BRF:4
BRH:4
end_of_record
SF:src/bitcaster/forms/event.py
DA:1,1
DA:2,1
DA:4,1
DA:5,1
DA:6,1
DA:9,1
DA:10,1
DA:18,1
DA:19,1
DA:20,1
DA:23,1
DA:24,1
DA:25,1
DA:26,1
DA:29,1
DA:30,1
DA:31,1
DA:32,1
LF:18
LH:18
end_of_record
SF:src/bitcaster/forms/fields.py
DA:1,1
DA:3,1
DA:5,1
DA:8,1
DA:9,1
DA:11,1
DA:12,1
DA:13,1
DA:15,1
DA:16,1
DA:17,1
DA:18,1
LF:12
LH:12
FN:11,13,Select2TagField.to_python
FNDA:1,Select2TagField.to_python
FN:15,18,Select2TagField.clean
FNDA:1,Select2TagField.clean
FNF:2
FNH:2
BRDA:16,0,jump to line 17,1
BRDA:16,0,jump to line 18,1
BRF:2
BRH:2
end_of_record
SF:src/bitcaster/forms/media.py
DA:1,1
DA:2,1
DA:4,1
DA:5,1
DA:7,1
DA:8,1
DA:10,1
DA:13,1
DA:14,1
DA:21,1
DA:28,1
DA:35,1
DA:37,1
DA:38,1
DA:39,1
DA:41,1
DA:42,1
DA:43,1
LF:18
LH:18
FN:41,43,MediaFileForm.clean
FNDA:1,MediaFileForm.clean
FNF:1
FNH:1
end_of_record
SF:src/bitcaster/forms/message.py
DA:1,1
DA:3,1
DA:4,1
DA:5,1
DA:6,1
DA:7,1
DA:8,1
DA:9,1
DA:10,1
DA:12,1
DA:15,1
DA:16,1
DA:17,1
DA:18,1
DA:19,1
DA:22,1
DA:24,1
DA:25,1
DA:26,1
DA:27,1
DA:28,1
DA:33,1
DA:34,1
DA:36,1
DA:37,1
DA:38,1
DA:41,1
DA:42,1
DA:45,1
DA:46,1
DA:47,1
DA:48,1
DA:51,1
DA:52,1
DA:53,1
DA:54,1
DA:60,1
DA:61,1
DA:62,1
DA:64,1
DA:65,1
DA:66,1
DA:67,1
DA:70,1
DA:71,1
DA:72,1
DA:74,1
DA:76,1
DA:77,1
DA:78,1
DA:79,1
DA:81,1
DA:82,1
DA:83,1
DA:84,1
DA:85,1
LF:56
LH:56
FN:25,34,MessageEditForm.media
FNDA:1,MessageEditForm.media
FN:64,67,MessageCreationForm.clean
FNDA:1,MessageCreationForm.clean
FN:76,79,NotificationTemplateCreateForm.__init__
FNDA:1,NotificationTemplateCreateForm.__init__
FN:81,85,NotificationTemplateCreateForm.clean_name
FNDA:1,NotificationTemplateCreateForm.clean_name
FNF:4
FNH:4
BRDA:66,0,jump to line 67,1
BRDA:66,0,return from function 'clean',1
BRDA:83,0,jump to line 84,1
BRDA:83,0,jump to line 85,1
BRF:4
BRH:4
end_of_record
SF:src/bitcaster/forms/mixins.py
DA:1,1
DA:3,1
DA:4,1
DA:6,1
DA:12,1
DA:14,1
DA:19,1
LF:7
LH:7
end_of_record
SF:src/bitcaster/forms/monitor.py
DA:1,1
DA:3,1
DA:6,1
DA:7,1
DA:8,1
DA:9,1
LF:6
LH:6
end_of_record
SF:src/bitcaster/forms/notification.py
DA:2,1
DA:4,1
DA:5,1
DA:7,1
DA:10,1
DA:11,1
DA:12,1
DA:13,1
DA:15,1
DA:17,1
DA:18,1
DA:19,1
DA:20,1
DA:21,1
DA:22,1
DA:23,1
DA:24,1
DA:25,1
DA:26,1
DA:27,1
DA:28,1
DA:29,1
LF:22
LH:22
FN:15,29,NotificationForm.clean
FNDA:1,NotificationForm.clean
FNF:1
FNH:1
BRDA:20,0,jump to line 21,1
BRDA:20,0,jump to line 24,1
BRDA:24,0,jump to line 25,1
BRDA:24,0,jump to line 27,1
BRDA:27,0,jump to line 28,1
BRDA:27,0,jump to line 29,1
BRF:6
BRH:6
end_of_record
SF:src/bitcaster/forms/project.py
DA:1,1
DA:2,1
DA:4,1
DA:5,1
DA:7,1
DA:8,1
DA:11,1
DA:12,1
DA:19,1
DA:20,1
DA:22,1
DA:23,1
DA:24,1
DA:26,1
DA:27,1
DA:30,1
DA:31,1
DA:32,1
DA:33,1
DA:36,1
DA:37,1
DA:38,1
DA:39,1
LF:23
LH:23
FN:26,27,ProjectBaseForm.full_clean
FNDA:1,ProjectBaseForm.full_clean
FNF:1
FNH:1
end_of_record
SF:src/bitcaster/forms/user.py
DA:1,1
DA:2,1
DA:4,1
DA:7,1
DA:8,1
DA:9,1
DA:15,1
DA:18,1
DA:19,1
LF:9
LH:9
end_of_record
SF:src/bitcaster/forms/widgets.py
DA:1,1
DA:3,1
DA:4,1
DA:5,1
DA:13,1
DA:14,1
DA:16,1
DA:17,1
DA:18,1
DA:20,1
DA:21,1
DA:22,1
DA:23,1
DA:26,1
DA:27,1
DA:36,1
DA:37,1
DA:38,1
DA:40,1
DA:41,1
DA:42,1
DA:43,1
DA:44,1
LF:23
LH:23
FN:16,18,EnvironmentWidget.value_from_datadict
FNDA:1,EnvironmentWidget.value_from_datadict
FN:20,23,EnvironmentWidget.optgroups
FNDA:1,EnvironmentWidget.optgroups
FN:27,38,AutocompletSelectEnh.__init__
FNDA:1,AutocompletSelectEnh.__init__
FN:40,44,AutocompletSelectEnh.get_url
FNDA:1,AutocompletSelectEnh.get_url
FNF:4
FNH:4
BRDA:21,0,jump to line 22,1
BRDA:21,0,jump to line 23,1
BRF:2
BRH:2
end_of_record
SF:src/bitcaster/handlers.py
DA:1,1
DA:2,1
DA:4,1
DA:5,1
DA:6,1
DA:7,1
DA:9,1
DA:10,1
DA:11,1
DA:13,1
DA:16,1
DA:17,1
DA:18,1
DA:19,1
DA:20,1
DA:21,1
DA:22,1
DA:23,1
DA:24,1
DA:25,1
DA:26,1
DA:29,1
DA:30,1
DA:31,1
DA:32,1
DA:33,1
DA:34,1
DA:37,1
DA:38,1
DA:39,1
DA:40,1
DA:41,1
DA:42,1
LF:33
LH:33
FN:20,26,save_last_choices
FNDA:1,save_last_choices
FN:30,34,on_login
FNDA:1,on_login
FN:38,42,auto_set_superusers
FNDA:1,auto_set_superusers
FNF:3
FNH:3
BRDA:21,0,jump to line 22,1
BRDA:21,0,jump to line 23,1
BRDA:23,0,jump to line 24,1
BRDA:23,0,jump to line 25,1
BRDA:25,0,jump to line 26,1
BRDA:25,0,return from function 'save_last_choices',1
BRDA:31,0,jump to line 32,1
BRDA:31,0,jump to line 33,1
BRDA:33,0,jump to line 34,1
BRDA:33,0,return from function 'on_login',1
BRDA:39,0,jump to line 40,1
BRDA:39,0,return from function 'auto_set_superusers',1
BRF:12
BRH:12
end_of_record
SF:src/bitcaster/management/__init__.py
end_of_record
SF:src/bitcaster/management/commands/__init__.py
end_of_record
SF:src/bitcaster/management/commands/env.py
DA:1,1
DA:3,1
DA:8,1
DA:14,1
DA:15,1
DA:16,1
DA:18,1
DA:19,1
DA:26,1
DA:27,1
DA:28,1
DA:29,1
DA:32,1
DA:36,1
DA:37,1
DA:39,1
DA:40,1
DA:41,1
DA:43,1
DA:44,1
DA:45,1
DA:46,1
DA:47,1
DA:48,1
DA:51,1
DA:52,1
DA:54,1
DA:55,1
DA:56,0
DA:57,0
DA:58,0
DA:60,1
DA:61,1
DA:62,1
DA:63,1
DA:64,1
DA:65,1
DA:66,1
DA:68,1
LF:39
LH:36
FN:18,34,Command.add_arguments
FNDA:1,Command.add_arguments
FN:36,69,Command.handle
FNDA:1,Command.handle
FNF:2
FNH:2
BRDA:43,0,jump to line 44,1
BRDA:43,0,jump to line 68,1
BRDA:45,0,jump to line 46,1
BRDA:45,0,jump to line 51,1
BRDA:46,0,jump to line 43,1
BRDA:46,0,jump to line 47,1
BRDA:51,0,jump to line 52,1
BRDA:51,0,jump to line 54,1
BRDA:61,0,jump to line 62,1
BRDA:61,0,jump to line 64,1
BRDA:62,0,jump to line 63,1
BRDA:62,0,jump to line 66,1
BRDA:64,0,jump to line 65,1
BRDA:64,0,jump to line 66,1
BRF:14
BRH:14
end_of_record
SF:src/bitcaster/management/commands/upgrade.py
DA:1,1
DA:2,1
DA:3,1
DA:4,1
DA:5,1
DA:7,1
DA:8,1
DA:9,1
DA:10,1
DA:11,1
DA:12,1
DA:14,1
DA:15,1
DA:20,1
DA:23,1
DA:24,1
DA:25,1
DA:27,1
DA:28,1
DA:35,1
DA:42,1
DA:49,1
DA:56,1
DA:63,1
DA:71,1
DA:86,1
DA:87,1
DA:88,1
DA:89,1
DA:90,1
DA:91,1
DA:92,1
DA:94,1
DA:97,1
DA:98,1
DA:99,1
DA:100,1
DA:101,1
DA:105,1
DA:107,1
DA:108,1
DA:110,1
DA:112,1
DA:113,1
DA:114,1
DA:116,1
DA:118,1
DA:119,1
DA:124,1
DA:126,1
DA:127,1
DA:129,1
DA:130,1
DA:131,1
DA:132,1
DA:133,1
DA:134,1
DA:135,1
DA:136,1
DA:138,1
DA:139,1
DA:140,1
DA:141,1
DA:143,1
DA:144,1
DA:145,1
DA:147,1
DA:148,1
DA:151,1
DA:152,1
DA:153,1
DA:154,1
DA:159,1
DA:160,1
DA:161,1
DA:162,1
DA:163,1
DA:165,1
DA:173,1
DA:175,1
DA:177,1
DA:180,1
DA:182,1
DA:183,1
DA:185,1
DA:187,1
DA:188,1
DA:191,1
DA:192,1
DA:197,1
DA:198,1
DA:202,1
DA:203,1
DA:205,1
DA:206,1
DA:208,1
DA:211,1
LF:97
LH:97
FN:27,84,Command.add_arguments
FNDA:1,Command.add_arguments
FN:86,95,Command.get_options
FNDA:1,Command.get_options
FN:97,105,Command.halt
FNDA:1,Command.halt
FN:107,216,Command.handle
FNDA:1,Command.handle
FNF:4
FNH:4
BRDA:113,0,jump to line 114,1
BRDA:113,0,jump to line 116,1
BRDA:129,0,jump to line 130,1
BRDA:129,0,jump to line 131,1
BRDA:131,0,jump to line 132,1
BRDA:131,0,jump to line 138,1
BRDA:134,0,jump to line 135,1
BRDA:134,0,jump to line 136,1
BRDA:138,0,jump to line 139,1
BRDA:138,0,jump to line 143,1
BRDA:152,0,jump to line 153,1
BRDA:152,0,jump to line 175,1
BRDA:153,0,jump to line 154,1
BRDA:153,0,jump to line 159,1
BRDA:202,0,jump to line 203,1
BRDA:202,0,jump to line 205,1
BRDA:205,0,jump to line 206,1
BRDA:205,0,jump to line 208,1
BRF:18
BRH:18
end_of_record
SF:src/bitcaster/middleware/__init__.py
end_of_record
SF:src/bitcaster/middleware/errors.py
DA:1,1
DA:3,1
DA:4,1
DA:10,1
DA:11,1
DA:12,1
DA:14,1
DA:15,1
DA:17,1
DA:18,1
DA:19,1
DA:25,1
LF:12
LH:12
FN:11,12,ExceptionHandlingMiddleware.__init__
FNDA:1,ExceptionHandlingMiddleware.__init__
FN:14,15,ExceptionHandlingMiddleware.__call__
FNDA:1,ExceptionHandlingMiddleware.__call__
FN:17,25,ExceptionHandlingMiddleware.process_exception
FNDA:1,ExceptionHandlingMiddleware.process_exception
FNF:3
FNH:3
BRDA:18,0,jump to line 19,1
BRDA:18,0,jump to line 25,1
BRF:2
BRH:2
end_of_record
SF:src/bitcaster/middleware/state.py
DA:1,1
DA:2,1
DA:4,1
DA:11,1
DA:14,1
DA:17,1
DA:18,1
DA:20,1
DA:21,1
DA:22,1
DA:23,1
DA:24,1
DA:25,1
DA:26,1
LF:14
LH:14
FN:17,18,StateMiddleware.__init__
FNDA:1,StateMiddleware.__init__
FN:20,26,StateMiddleware.__call__
FNDA:1,StateMiddleware.__call__
FNF:2
FNH:2
end_of_record
SF:src/bitcaster/middleware/user_agent.py
DA:1,1
DA:3,1
DA:4,1
DA:6,1
DA:14,1
DA:15,1
DA:16,1
DA:18,1
DA:19,1
DA:20,1
LF:10
LH:10
FN:15,16,UserAgentMiddleware.__init__
FNDA:1,UserAgentMiddleware.__init__
FN:18,20,UserAgentMiddleware.__call__
FNDA:1,UserAgentMiddleware.__call__
FNF:2
FNH:2
end_of_record
SF:src/bitcaster/models/__init__.py
DA:1,1
DA:3,1
DA:4,1
DA:5,1
DA:6,1
DA:7,1
DA:8,1
DA:9,1
DA:10,1
DA:11,1
DA:12,1
DA:13,1
DA:14,1
DA:15,1
DA:16,1
DA:17,1
DA:18,1
DA:19,1
DA:20,1
DA:21,1
DA:23,1
LF:21
LH:21
end_of_record
SF:src/bitcaster/models/address.py
DA:1,1
DA:3,1
DA:4,1
DA:5,1
DA:7,1
DA:8,1
DA:9,1
DA:10,1
DA:11,1
DA:18,1
DA:19,1
DA:21,1
DA:22,1
DA:23,1
DA:25,1
DA:27,1
DA:29,1
DA:30,1
DA:32,1
DA:33,1
DA:34,1
DA:35,1
DA:36,1
DA:37,1
DA:40,1
DA:49,1
DA:50,1
DA:51,1
DA:52,1
DA:55,1
DA:56,1
DA:58,1
DA:60,1
DA:61,1
DA:62,1
DA:64,1
DA:65,1
DA:67,1
DA:68,1
DA:69,1
DA:71,1
DA:72,1
DA:74,1
DA:75,1
DA:76,1
DA:78,1
DA:80,1
DA:81,1
LF:48
LH:48
FN:21,23,AddressManager.get_or_create
FNDA:1,AddressManager.get_or_create
FN:25,27,AddressManager.valid
FNDA:1,AddressManager.valid
FN:29,30,AddressManager.get_by_natural_key
FNDA:1,AddressManager.get_by_natural_key
FN:32,37,AddressManager.get_type_from_value
FNDA:1,AddressManager.get_type_from_value
FN:64,65,Address.__str__
FNDA:1,Address.__str__
FN:67,69,Address.save
FNDA:1,Address.save
FN:71,72,Address.natural_key
FNDA:1,Address.natural_key
FN:75,78,Address.channels
FNDA:1,Address.channels
FN:80,81,Address.validate_channel
FNDA:1,Address.validate_channel
FNF:9
FNH:9
BRDA:33,0,jump to line 34,1
BRDA:33,0,jump to line 35,1
BRDA:35,0,jump to line 36,1
BRDA:35,0,jump to line 37,1
BRF:4
BRH:4
end_of_record
SF:src/bitcaster/models/application.py
DA:1,1
DA:2,1
DA:4,1
DA:5,1
DA:6,1
DA:8,1
DA:9,1
DA:10,1
DA:11,1
DA:18,1
DA:21,1
DA:22,1
DA:23,1
DA:25,1
DA:26,1
DA:29,1
DA:30,1
DA:31,1
DA:35,1
DA:37,1
DA:38,1
DA:44,1
DA:45,1
DA:47,1
DA:48,1
DA:49,1
DA:51,1
DA:52,1
DA:54,1
DA:55,1
DA:56,1
DA:58,1
DA:59,1
DA:60,1
DA:61,1
DA:62,1
DA:63,1
DA:65,1
DA:66,1
DA:67,1
DA:69,1
DA:70,1
LF:42
LH:42
FN:22,23,ApplicationManager.get_by_natural_key
FNDA:1,ApplicationManager.get_by_natural_key
FN:25,26,ApplicationManager.local
FNDA:1,ApplicationManager.local
FN:51,52,Application.natural_key
FNDA:1,Application.natural_key
FN:55,56,Application.organization
FNDA:1,Application.organization
FN:58,63,Application.save
FNDA:1,Application.save
FN:65,67,Application.register_event
FNDA:1,Application.register_event
FN:69,79,Application.create_message
FNDA:1,Application.create_message
FNF:7
FNH:7
end_of_record
SF:src/bitcaster/models/assignment.py
DA:1,1
DA:3,1
DA:4,1
DA:6,1
DA:9,1
DA:10,1
DA:11,1
DA:13,1
DA:14,1
DA:16,1
DA:17,1
DA:26,1
DA:27,1
DA:28,1
DA:29,1
DA:30,1
DA:31,1
DA:33,1
DA:35,1
DA:36,1
DA:37,1
DA:38,1
DA:40,1
DA:41,1
DA:43,1
DA:44,1
LF:26
LH:26
FN:10,23,AssignmentManager.get_by_natural_key
FNDA:1,AssignmentManager.get_by_natural_key
FN:40,41,Assignment.natural_key
FNDA:1,Assignment.natural_key
FN:43,44,Assignment.__str__
FNDA:1,Assignment.__str__
FNF:3
FNH:3
BRDA:13,0,jump to line 14,1
BRDA:13,0,jump to line 16,1
BRF:2
BRH:2
end_of_record
SF:src/bitcaster/models/channel.py
DA:1,1
DA:3,1
DA:4,1
DA:5,1
DA:6,1
DA:7,1
DA:8,1
DA:9,1
DA:11,1
DA:13,1
DA:19,1
DA:20,1
DA:21,1
DA:23,1
DA:24,1
DA:25,1
DA:26,1
DA:28,1
DA:30,1
DA:33,1
DA:34,1
DA:35,1
DA:43,1
DA:44,1
DA:45,1
DA:46,1
DA:47,1
DA:48,1
DA:51,1
DA:53,1
DA:54,1
DA:55,1
DA:67,1
DA:68,1
DA:70,1
DA:78,1
DA:79,1
DA:81,1
DA:82,1
DA:83,1
DA:84,1
DA:85,1
DA:87,1
DA:88,1
DA:89,1
DA:90,1
DA:92,1
DA:93,1
DA:94,1
DA:95,1
DA:96,1
DA:98,1
DA:99,1
DA:100,1
DA:101,1
DA:102,1
LF:56
LH:56
FN:20,21,ChannelManager.active
FNDA:1,ChannelManager.active
FN:23,30,ChannelManager.get_by_natural_key
FNDA:1,ChannelManager.get_by_natural_key
FN:67,68,Channel.__str__
FNDA:1,Channel.__str__
FN:70,79,Channel.save
FNDA:1,Channel.save
FN:82,85,Channel.owner
FNDA:1,Channel.owner
FN:87,90,Channel.natural_key
FNDA:1,Channel.natural_key
FN:93,96,Channel.from_email
FNDA:1,Channel.from_email
FN:99,102,Channel.subject_prefix
FNDA:1,Channel.subject_prefix
FNF:8
FNH:8
BRDA:25,0,jump to line 26,1
BRDA:25,0,jump to line 28,1
BRDA:83,0,jump to line 84,1
BRDA:83,0,jump to line 85,1
BRDA:88,0,jump to line 89,1
BRDA:88,0,jump to line 90,1
BRDA:94,0,jump to line 95,1
BRDA:94,0,jump to line 96,1
BRDA:100,0,jump to line 101,1
BRDA:100,0,jump to line 102,1
BRF:10
BRH:10
end_of_record
SF:src/bitcaster/models/distribution.py
DA:1,1
DA:2,1
DA:4,1
DA:5,1
DA:7,1
DA:8,1
DA:9,1
DA:16,1
DA:19,1
DA:20,1
DA:21,1
DA:24,1
DA:25,1
DA:26,1
DA:27,1
DA:28,1
DA:30,1
DA:31,1
DA:33,1
DA:34,1
DA:36,1
DA:37,1
DA:39,1
DA:40,1
DA:41,1
DA:42,1
DA:44,1
DA:45,1
LF:28
LH:28
FN:20,21,DistributionListManager.get_by_natural_key
FNDA:1,DistributionListManager.get_by_natural_key
FN:33,34,DistributionList.__str__
FNDA:1,DistributionList.__str__
FN:36,37,DistributionList.natural_key
FNDA:1,DistributionList.natural_key
FN:44,45,DistributionList.get_context
FNDA:1,DistributionList.get_context
FNF:4
FNH:4
end_of_record
SF:src/bitcaster/models/event.py
DA:1,1
DA:3,1
DA:4,1
DA:6,1
DA:7,1
DA:8,1
DA:9,1
DA:10,1
DA:21,1
DA:22,1
DA:23,1
DA:30,1
DA:31,1
DA:34,1
DA:35,1
DA:36,1
DA:37,1
DA:38,1
DA:39,1
DA:40,1
DA:48,1
DA:50,1
DA:52,1
DA:53,1
DA:57,1
DA:59,1
DA:60,1
DA:61,1
DA:63,1
DA:64,1
DA:66,1
DA:67,1
DA:69,1
DA:70,1
DA:71,1
DA:72,1
DA:74,1
DA:82,1
DA:84,1
DA:85,1
DA:86,1
DA:90,1
DA:91,1
DA:102,1
DA:103,1
LF:45
LH:45
FN:22,28,EventManager.get_by_natural_key
FNDA:1,EventManager.get_by_natural_key
FN:30,31,EventManager.get_queryset
FNDA:1,EventManager.get_queryset
FN:59,61,Event.__init__
FNDA:1,Event.__init__
FN:63,64,Event.__str__
FNDA:1,Event.__str__
FN:66,67,Event.natural_key
FNDA:1,Event.natural_key
FN:69,72,Event.delete
FNDA:1,Event.delete
FN:74,88,Event.trigger
FNDA:1,Event.trigger
FN:90,100,Event.create_message
FNDA:1,Event.create_message
FN:102,111,Event.get_trigger_url
FNDA:1,Event.get_trigger_url
FNF:9
FNH:9
BRDA:70,0,jump to line 71,1
BRDA:70,0,jump to line 72,1
BRDA:84,0,jump to line 85,1
BRDA:84,0,jump to line 86,1
BRF:4
BRH:4
end_of_record
SF:src/bitcaster/models/group.py
DA:1,1
DA:4,1
DA:5,1
DA:6,1
LF:4
LH:4
end_of_record
SF:src/bitcaster/models/internal.py
DA:1,1
DA:2,1
DA:4,1
DA:5,1
DA:7,1
DA:8,1
DA:10,1
DA:12,1
DA:15,1
DA:16,1
DA:17,1
DA:25,1
DA:26,1
DA:27,1
DA:28,1
DA:29,1
DA:31,1
DA:33,1
DA:34,1
DA:35,1
DA:36,1
DA:38,1
DA:39,1
LF:23
LH:23
FN:16,22,LogMessageManager.get_by_natural_key
FNDA:1,LogMessageManager.get_by_natural_key
FN:38,39,LogMessage.natural_key
FNDA:1,LogMessage.natural_key
FNF:2
FNH:2
end_of_record
SF:src/bitcaster/models/key.py
DA:1,1
DA:2,1
DA:3,1
DA:5,1
DA:6,1
DA:7,1
DA:8,1
DA:9,1
DA:10,1
DA:12,1
DA:14,1
DA:15,1
DA:16,1
DA:18,1
DA:20,1
DA:23,1
DA:24,1
DA:27,1
DA:28,1
DA:30,1
DA:31,1
DA:32,1
DA:33,1
DA:36,1
DA:37,1
DA:43,1
DA:48,1
DA:49,1
DA:52,1
DA:53,1
DA:54,1
DA:57,1
DA:58,1
DA:59,1
DA:60,1
DA:61,1
DA:62,1
DA:68,1
DA:70,1
DA:71,1
DA:72,1
DA:74,1
DA:76,1
DA:77,1
DA:79,1
DA:81,1
DA:83,1
DA:84,0
DA:85,1
DA:87,1
DA:88,1
DA:90,1
DA:91,1
LF:53
LH:52
FN:23,24,make_token
FNDA:1,make_token
FN:30,33,_TypedMultipleChoiceField.__init__
FNDA:1,_TypedMultipleChoiceField.__init__
FN:37,49,ChoiceArrayField.formfield
FNDA:1,ChoiceArrayField.formfield
FN:53,54,ApiKeyManager.get_by_natural_key
FNDA:1,ApiKeyManager.get_by_natural_key
FN:74,85,ApiKey.get_bae
FNDA:1,ApiKey.get_bae
FN:87,88,ApiKey.natural_key
FNDA:1,ApiKey.natural_key
FN:90,91,ApiKey.__str__
FNDA:1,ApiKey.__str__
FNF:7
FNH:7
BRDA:76,0,jump to line 77,1
BRDA:76,0,jump to line 79,1
BRDA:83,0,jump to line 84,0
BRDA:83,0,jump to line 85,1
BRF:4
BRH:3
end_of_record
SF:src/bitcaster/models/log.py
DA:1,1
DA:3,1
DA:4,1
DA:5,1
DA:6,1
DA:8,1
DA:11,1
DA:12,1
DA:13,1
DA:16,1
DA:17,1
DA:18,1
DA:19,1
DA:20,1
DA:21,1
DA:27,1
DA:29,1
DA:30,1
DA:31,1
DA:32,1
DA:34,1
DA:35,1
DA:37,1
DA:38,1
DA:39,1
DA:41,1
DA:42,1
DA:43,1
DA:44,1
DA:46,1
DA:47,1
LF:31
LH:31
FN:12,13,LogEntryManager.get_by_natural_key
FNDA:1,LogEntryManager.get_by_natural_key
FN:34,35,LogEntry.natural_key
FNDA:1,LogEntry.natural_key
FN:37,39,LogEntry.__init__
FNDA:1,LogEntry.__init__
FN:41,44,LogEntry.__str__
FNDA:1,LogEntry.__str__
FN:46,47,LogEntry.is_other
FNDA:1,LogEntry.is_other
FNF:5
FNH:5
BRDA:42,0,jump to line 43,1
BRDA:42,0,jump to line 44,1
BRF:2
BRH:2
end_of_record
SF:src/bitcaster/models/media.py
DA:1,1
DA:3,1
DA:4,1
DA:5,1
DA:6,1
DA:8,1
DA:18,1
DA:21,1
DA:22,1
DA:23,1
DA:24,1
DA:25,1
DA:27,1
DA:29,1
DA:30,1
DA:32,1
DA:34,1
DA:37,1
DA:38,1
DA:48,1
DA:49,1
DA:50,1
DA:52,1
DA:53,1
DA:54,1
DA:55,1
DA:56,1
DA:57,1
DA:59,1
DA:60,1
DA:61,1
DA:62,1
DA:64,1
DA:65,1
DA:67,1
DA:68,1
DA:70,1
DA:73,1
DA:74,1
DA:75,1
DA:76,1
DA:77,1
DA:78,1
DA:79,1
DA:80,1
DA:82,1
DA:83,1
DA:86,1
DA:87,1
DA:94,1
DA:95,1
DA:96,1
DA:98,1
DA:99,1
DA:101,1
DA:103,1
DA:104,1
DA:110,1
DA:111,1
DA:112,1
DA:113,1
DA:114,1
DA:115,1
LF:63
LH:63
FN:22,34,MediaFileManager.get_by_natural_key
FNDA:1,MediaFileManager.get_by_natural_key
FN:38,50,ImageFieldWithExtra.__init__
FNDA:1,ImageFieldWithExtra.__init__
FN:52,68,ImageFieldWithExtra._get_mime
FNDA:1,ImageFieldWithExtra._get_mime
FN:70,83,ImageFieldWithExtra.update_dimension_fields
FNDA:1,ImageFieldWithExtra.update_dimension_fields
FN:110,115,MediaFile.natural_key
FNDA:1,MediaFile.natural_key
FNF:5
FNH:5
BRDA:24,0,jump to line 25,1
BRDA:24,0,jump to line 27,1
BRDA:29,0,jump to line 30,1
BRDA:29,0,jump to line 32,1
BRDA:53,0,jump to line 54,1
BRDA:53,0,jump to line 68,1
BRDA:56,0,jump to line 57,1
BRDA:56,0,jump to line 59,1
BRDA:64,0,jump to line 65,1
BRDA:64,0,jump to line 67,1
BRDA:74,0,jump to line 75,1
BRDA:74,0,return from function 'update_dimension_fields',1
BRDA:76,0,jump to line 77,1
BRDA:76,0,jump to line 78,1
BRDA:78,0,jump to line 79,1
BRDA:78,0,jump to line 82,1
BRDA:82,0,jump to line 83,1
BRDA:82,0,return from function 'update_dimension_fields',1
BRDA:111,0,jump to line 112,1
BRDA:111,0,jump to line 113,1
BRDA:113,0,jump to line 114,1
BRDA:113,0,jump to line 115,1
BRF:22
BRH:22
end_of_record
SF:src/bitcaster/models/message.py
DA:1,1
DA:2,1
DA:4,1
DA:5,1
DA:6,1
DA:8,1
DA:9,1
DA:10,1
DA:11,1
DA:12,1
DA:18,1
DA:21,1
DA:22,1
DA:23,1
DA:24,1
DA:25,1
DA:27,1
DA:29,1
DA:30,1
DA:32,1
DA:34,1
DA:37,1
DA:38,1
DA:40,1
DA:41,1
DA:47,1
DA:55,1
DA:63,1
DA:64,1
DA:65,1
DA:68,1
DA:70,1
DA:71,1
DA:72,1
DA:73,1
DA:75,1
DA:82,1
DA:83,1
DA:85,1
DA:86,1
DA:87,1
DA:88,1
DA:89,1
DA:90,1
DA:92,1
DA:93,1
DA:94,1
DA:95,1
DA:97,1
DA:98,1
DA:100,1
DA:101,1
DA:103,1
DA:104,1
DA:106,1
DA:107,1
LF:56
LH:56
FN:22,34,MessageManager.get_by_natural_key
FNDA:1,MessageManager.get_by_natural_key
FN:82,83,Message.__str__
FNDA:1,Message.__str__
FN:85,90,Message.natural_key
FNDA:1,Message.natural_key
FN:92,95,Message.clean
FNDA:1,Message.clean
FN:97,98,Message.support_subject
FNDA:1,Message.support_subject
FN:100,101,Message.support_html
FNDA:1,Message.support_html
FN:103,104,Message.support_text
FNDA:1,Message.support_text
FN:106,115,Message.clone
FNDA:1,Message.clone
FNF:8
FNH:8
BRDA:24,0,jump to line 25,1
BRDA:24,0,jump to line 27,1
BRDA:29,0,jump to line 30,1
BRDA:29,0,jump to line 32,1
BRDA:86,0,jump to line 87,1
BRDA:86,0,jump to line 88,1
BRDA:88,0,jump to line 89,1
BRDA:88,0,jump to line 90,1
BRDA:94,0,jump to line 95,1
BRDA:94,0,return from function 'clean',1
BRF:10
BRH:10
end_of_record
SF:src/bitcaster/models/mixins.py
DA:1,1
DA:3,1
DA:4,1
DA:5,1
DA:6,1
DA:7,1
DA:8,1
DA:9,1
DA:10,1
DA:19,1
DA:20,1
DA:22,1
DA:23,1
DA:26,1
DA:27,1
DA:28,1
DA:30,1
DA:31,1
DA:34,1
DA:35,1
DA:36,1
DA:37,1
DA:38,1
DA:39,1
DA:44,1
DA:45,1
DA:48,1
DA:49,1
DA:50,1
DA:51,1
DA:53,1
DA:54,1
DA:56,1
DA:60,1
DA:61,1
DA:62,1
DA:64,1
DA:65,1
DA:67,1
DA:68,1
DA:70,1
DA:71,1
DA:72,1
DA:73,1
DA:76,1
DA:77,1
DA:78,1
DA:79,1
DA:80,1
DA:82,1
DA:83,1
DA:85,1
DA:86,1
DA:87,1
DA:89,1
DA:90,1
DA:92,1
DA:94,1
DA:100,1
DA:101,1
DA:102,1
DA:104,1
DA:105,1
DA:107,1
DA:108,1
DA:109,1
DA:111,1
DA:112,1
DA:113,1
DA:116,1
DA:117,1
DA:118,1
DA:119,1
DA:130,1
DA:131,1
DA:134,1
DA:135,1
DA:136,1
DA:147,1
DA:148,1
DA:150,1
DA:157,1
DA:158,1
DA:159,1
DA:162,1
DA:163,1
DA:164,1
DA:167,1
DA:169,1
DA:170,1
DA:171,1
DA:172,1
DA:175,1
DA:176,1
DA:177,1
DA:180,1
LF:96
LH:96
FN:30,31,AdminReversable.get_admin_change
FNDA:1,AdminReversable.get_admin_change
FN:35,41,BaseQuerySet.get
FNDA:1,BaseQuerySet.get
FN:56,57,BitcasterBaseModel.natural_key
FNDA:0,BitcasterBaseModel.natural_key
FN:67,68,SlugMixin.__str__
FNDA:1,SlugMixin.__str__
FN:70,73,SlugMixin.save
FNDA:1,SlugMixin.save
FN:77,92,ScopedManager.get_or_create
FNDA:1,ScopedManager.get_or_create
FN:94,113,ScopedManager.update_or_create
FNDA:1,ScopedManager.update_or_create
FN:150,167,Scoped3Mixin.save
FNDA:1,Scoped3Mixin.save
FN:169,180,Scoped3Mixin.clean
FNDA:1,Scoped3Mixin.clean
FNF:9
FNH:8
BRDA:71,0,jump to line 72,1
BRDA:71,0,jump to line 73,1
BRDA:79,0,jump to line 80,1
BRDA:79,0,jump to line 82,1
BRDA:82,0,jump to line 83,1
BRDA:82,0,jump to line 85,1
BRDA:85,0,jump to line 86,1
BRDA:85,0,jump to line 92,1
BRDA:86,0,jump to line 87,1
BRDA:86,0,jump to line 89,1
BRDA:89,0,jump to line 90,1
BRDA:89,0,jump to line 92,1
BRDA:101,0,jump to line 102,1
BRDA:101,0,jump to line 104,1
BRDA:104,0,jump to line 105,1
BRDA:104,0,jump to line 107,1
BRDA:107,0,jump to line 108,1
BRDA:107,0,jump to line 113,1
BRDA:108,0,jump to line 109,1
BRDA:108,0,jump to line 111,1
BRDA:111,0,jump to line 112,1
BRDA:111,0,jump to line 113,1
BRDA:158,0,jump to line 159,1
BRDA:158,0,jump to line 162,1
BRDA:163,0,jump to line 164,1
BRDA:163,0,jump to line 167,1
BRDA:171,0,jump to line 172,1
BRDA:171,0,jump to line 175,1
BRDA:176,0,jump to line 177,1
BRDA:176,0,jump to line 180,1
BRF:30
BRH:30
end_of_record
SF:src/bitcaster/models/monitor.py
DA:1,1
DA:2,1
DA:4,1
DA:5,1
DA:6,1
DA:7,1
DA:9,1
DA:10,1
DA:13,1
DA:14,1
DA:15,1
DA:18,1
DA:19,1
DA:22,1
DA:23,1
DA:24,1
DA:25,1
DA:26,1
DA:27,1
DA:28,1
DA:29,1
DA:30,1
DA:32,1
DA:41,1
DA:43,1
DA:44,1
DA:46,1
DA:54,1
DA:57,1
DA:58,1
DA:59,1
DA:65,1
DA:66,1
DA:68,1
DA:69,1
DA:71,1
DA:72,1
LF:37
LH:37
FN:14,15,MonitorQuerySet.get_by_natural_key
FNDA:1,MonitorQuerySet.get_by_natural_key
FN:43,44,Monitor.__str__
FNDA:1,Monitor.__str__
FN:46,66,Monitor.save
FNDA:1,Monitor.save
FN:68,69,Monitor.natural_key
FNDA:1,Monitor.natural_key
FN:71,72,Monitor.has_changes
FNDA:1,Monitor.has_changes
FNF:5
FNH:5
BRDA:57,0,jump to line 58,1
BRDA:57,0,return from function 'save',1
BRF:2
BRH:2
end_of_record
SF:src/bitcaster/models/notification.py
DA:1,1
DA:2,1
DA:4,1
DA:5,1
DA:6,1
DA:7,1
DA:8,1
DA:9,1
DA:10,1
DA:12,1
DA:13,1
DA:14,1
DA:15,1
DA:16,1
DA:23,1
DA:26,1
DA:27,1
DA:28,1
DA:29,1
DA:30,1
DA:32,1
DA:33,1
DA:42,1
DA:43,1
DA:46,1
DA:47,1
DA:48,1
DA:49,1
DA:52,1
DA:58,1
DA:59,1
DA:61,1
DA:63,1
DA:64,1
DA:65,1
DA:66,1
DA:67,1
DA:74,1
DA:75,1
DA:77,1
DA:78,1
DA:79,1
DA:81,1
DA:82,1
DA:84,1
DA:85,1
DA:86,1
DA:88,1
DA:89,1
DA:91,1
DA:92,1
DA:102,1
DA:103,1
DA:104,1
DA:106,1
DA:107,1
DA:108,1
DA:109,1
DA:110,1
DA:117,1
DA:118,1
DA:120,1
DA:122,1
DA:123,1
DA:124,1
DA:125,1
DA:127,1
DA:129,1
DA:132,1
DA:133,1
DA:134,1
DA:135,1
DA:136,1
DA:137,1
DA:138,1
DA:140,1
DA:145,1
DA:146,1
DA:147,1
DA:149,1
DA:150,1
DA:152,1
DA:158,1
DA:159,1
DA:160,1
DA:161,1
DA:162,1
DA:164,1
DA:165,1
LF:89
LH:89
FN:27,30,NotificationQuerySet.match
FNDA:1,NotificationQuerySet.match
FN:32,39,NotificationQuerySet.get_by_natural_key
FNDA:1,NotificationQuerySet.get_by_natural_key
FN:74,75,Notification.natural_key
FNDA:1,Notification.natural_key
FN:77,79,Notification.__init__
FNDA:1,Notification.__init__
FN:81,82,Notification.__str__
FNDA:1,Notification.__str__
FN:85,86,Notification.application
FNDA:1,Notification.application
FN:88,89,Notification.get_context
FNDA:1,Notification.get_context
FN:91,100,Notification.get_pending_subscriptions
FNDA:1,Notification.get_pending_subscriptions
FN:102,120,Notification.notify_to_channel
FNDA:1,Notification.notify_to_channel
FN:123,138,Notification.match_line_filter
FNDA:1,Notification.match_line_filter
FN:140,147,Notification.match_filter
FNDA:1,Notification.match_filter
FN:149,156,Notification.get_messages
FNDA:1,Notification.get_messages
FN:158,162,Notification.get_message
FNDA:1,Notification.get_message
FN:164,174,Notification.create_message
FNDA:1,Notification.create_message
FNF:14
FNH:14
BRDA:28,0,jump to line 29,1
BRDA:28,0,return from function 'match',1
BRDA:29,0,jump to line 28,1
BRDA:29,0,jump to line 30,1
BRDA:107,0,jump to line 108,1
BRDA:107,0,jump to line 120,1
BRDA:124,0,jump to line 125,1
BRDA:124,0,jump to line 127,1
BRDA:127,0,jump to line 129,1
BRDA:127,0,jump to line 132,1
BRDA:132,0,jump to line 133,1
BRDA:132,0,jump to line 134,1
BRDA:134,0,jump to line 135,1
BRDA:134,0,jump to line 136,1
BRDA:136,0,jump to line 137,1
BRDA:136,0,jump to line 138,1
BRDA:145,0,jump to line 146,1
BRDA:145,0,jump to line 147,1
BRDA:159,0,jump to line 160,1
BRDA:159,0,jump to line 162,1
BRF:20
BRH:20
end_of_record
SF:src/bitcaster/models/occurrence.py
DA:1,1
DA:2,1
DA:3,1
DA:5,1
DA:6,1
DA:7,1
DA:8,1
DA:9,1
DA:10,1
DA:12,1
DA:13,1
DA:14,1
DA:25,1
DA:28,1
DA:29,1
DA:30,1
DA:31,1
DA:34,1
DA:35,1
DA:36,1
DA:44,1
DA:45,1
DA:47,1
DA:48,1
DA:57,1
DA:58,1
DA:59,1
DA:60,1
DA:61,1
DA:63,1
DA:64,1
DA:65,1
DA:66,1
DA:69,1
DA:70,1
DA:71,1
DA:72,1
DA:75,1
DA:78,1
DA:79,1
DA:81,1
DA:83,1
DA:84,1
DA:85,1
DA:87,1
DA:88,1
DA:90,1
DA:91,1
DA:93,1
DA:94,1
DA:95,1
DA:97,1
DA:98,1
DA:103,1
DA:104,1
DA:105,1
DA:107,1
DA:108,1
DA:110,1
DA:111,1
DA:112,1
DA:113,1
DA:114,1
DA:115,1
DA:116,1
DA:117,1
DA:118,1
DA:119,1
DA:120,1
DA:121,1
DA:122,1
DA:123,1
DA:124,1
DA:125,1
DA:132,1
DA:133,1
DA:134,1
DA:139,1
DA:140,1
DA:143,1
DA:144,1
DA:147,1
DA:149,1
DA:152,1
DA:153,1
DA:154,1
DA:155,1
DA:156,1
DA:157,1
DA:158,1
DA:159,1
DA:161,1
DA:162,1
DA:163,1
DA:164,1
DA:166,1
DA:167,1
DA:168,1
DA:169,1
DA:171,1
DA:172,1
DA:175,1
DA:176,1
DA:177,1
DA:182,1
DA:183,1
LF:106
LH:106
FN:35,42,OccurrenceManager.get_by_natural_key
FNDA:1,OccurrenceManager.get_by_natural_key
FN:44,45,OccurrenceManager.system
FNDA:1,OccurrenceManager.system
FN:47,54,OccurrenceManager.purgeable
FNDA:1,OccurrenceManager.purgeable
FN:87,88,Occurrence.__str__
FNDA:1,Occurrence.__str__
FN:90,91,Occurrence.natural_key
FNDA:1,Occurrence.natural_key
FN:93,95,Occurrence.__init__
FNDA:1,Occurrence.__init__
FN:97,101,Occurrence.get_context
FNDA:1,Occurrence.get_context
FN:104,105,Occurrence.application
FNDA:1,Occurrence.application
FN:107,147,Occurrence.process
FNDA:1,Occurrence.process
FN:149,183,Occurrence._process
FNDA:1,Occurrence._process
FNF:10
FNH:10
BRDA:114,0,jump to line 115,1
BRDA:114,0,jump to line 134,1
BRDA:117,0,jump to line 118,1
BRDA:117,0,jump to line 147,1
BRDA:121,0,jump to line 122,1
BRDA:121,0,jump to line 123,1
BRDA:124,0,jump to line 125,1
BRDA:124,0,jump to line 132,1
BRDA:134,0,jump to line 139,1
BRDA:134,0,jump to line 147,1
BRDA:158,0,jump to line 159,1
BRDA:158,0,jump to line 161,1
BRDA:161,0,jump to line 162,1
BRDA:161,0,jump to line 163,1
BRDA:163,0,jump to line 164,1
BRDA:163,0,jump to line 166,1
BRDA:167,0,jump to line 168,1
BRDA:167,0,jump to line 182,1
BRDA:171,0,jump to line 167,1
BRDA:171,0,jump to line 172,1
BRDA:172,0,jump to line 171,1
BRDA:172,0,jump to line 175,1
BRF:22
BRH:22
end_of_record
SF:src/bitcaster/models/organization.py
DA:1,1
DA:2,1
DA:4,1
DA:5,1
DA:6,1
DA:8,1
DA:9,1
DA:10,1
DA:15,1
DA:18,1
DA:19,1
DA:20,1
DA:22,1
DA:23,1
DA:26,1
DA:27,1
DA:28,1
DA:34,1
DA:38,1
DA:40,1
DA:41,1
DA:42,1
DA:43,1
DA:44,1
[...]
DA:8,1
DA:9,1
DA:10,1
DA:11,1
DA:20,1
DA:23,1
DA:24,1
DA:25,1
DA:27,1
DA:28,1
DA:31,1
DA:32,1
DA:33,1
DA:34,1
DA:35,1
DA:41,1
DA:47,1
DA:49,1
DA:50,1
DA:51,1
DA:52,1
DA:53,1
DA:58,1
DA:59,1
DA:61,1
DA:62,1
DA:63,1
DA:64,1
DA:65,1
DA:66,1
DA:68,1
DA:69,1
LF:37
LH:37
FN:24,25,ProjectManager.get_by_natural_key
FNDA:1,ProjectManager.get_by_natural_key
FN:27,28,ProjectManager.local
FNDA:1,ProjectManager.local
FN:58,59,Project.natural_key
FNDA:1,Project.natural_key
FN:61,66,Project.save
FNDA:1,Project.save
FN:68,78,Project.create_message
FNDA:1,Project.create_message
FNF:5
FNH:5
end_of_record
SF:src/bitcaster/models/protocols.py
DA:1,1
DA:7,1
DA:8,1
LF:3
LH:3
FN:10,13,CreateMessage.create_message
FNDA:0,CreateMessage.create_message
FNF:1
FNH:0
end_of_record
SF:src/bitcaster/models/user.py
DA:1,1
DA:2,1
DA:4,1
DA:5,1
DA:6,1
DA:7,1
DA:8,1
DA:10,1
DA:17,1
DA:19,1
DA:22,1
DA:23,1
DA:24,1
DA:27,1
DA:28,1
DA:29,1
DA:31,1
DA:32,1
DA:33,1
DA:34,1
DA:35,1
DA:36,1
DA:38,1
DA:39,1
DA:40,1
DA:42,1
DA:43,0
DA:44,1
DA:46,1
DA:47,1
DA:49,1
DA:50,1
DA:52,1
DA:54,1
DA:55,1
DA:57,1
DA:59,1
DA:62,1
DA:63,1
DA:64,1
LF:40
LH:39
FN:23,24,UserManager.get_by_natural_key
FNDA:1,UserManager.get_by_natural_key
FN:39,44,User.organizations
FNDA:1,User.organizations
FN:46,47,User.natural_key
FNDA:1,User.natural_key
FN:49,52,User.get_assignment_for_channel
FNDA:1,User.get_assignment_for_channel
FN:55,59,User.distribution_lists
FNDA:1,User.distribution_lists
FNF:5
FNH:5
BRDA:42,0,jump to line 43,0
BRDA:42,0,jump to line 44,1
BRF:2
BRH:1
end_of_record
SF:src/bitcaster/models/userrole.py
DA:1,1
DA:2,1
DA:4,1
DA:5,1
DA:6,1
DA:8,1
DA:9,1
DA:10,1
DA:12,1
DA:15,1
DA:16,1
DA:17,1
DA:20,1
DA:21,1
DA:22,1
DA:23,1
DA:25,1
DA:27,1
DA:28,1
DA:29,1
DA:30,1
DA:32,1
DA:33,1
LF:23
LH:23
FN:16,17,UserRoleManager.get_by_natural_key
FNDA:1,UserRoleManager.get_by_natural_key
FN:32,33,UserRole.natural_key
FNDA:1,UserRole.natural_key
FNF:2
FNH:2
end_of_record
SF:src/bitcaster/social/__init__.py
end_of_record
SF:src/bitcaster/social/admin.py
DA:1,1
DA:3,1
DA:4,1
DA:5,1
DA:6,1
DA:7,1
DA:8,1
DA:9,1
DA:10,1
DA:11,1
DA:12,1
DA:14,1
DA:15,1
DA:16,1
DA:22,1
DA:23,1
DA:24,1
DA:29,1
DA:30,1
DA:31,1
DA:32,1
DA:43,1
DA:45,1
DA:46,1
DA:47,1
DA:48,1
DA:49,1
DA:51,1
DA:52,1
DA:53,1
DA:54,1
DA:55,1
DA:56,1
DA:58,1
DA:59,1
DA:60,1
DA:61,1
LF:37
LH:37
FN:29,43,SocialProviderAdmin.formfield_for_dbfield
FNDA:1,SocialProviderAdmin.formfield_for_dbfield
FN:46,49,SocialProviderAdmin.login_with
FNDA:1,SocialProviderAdmin.login_with
FN:51,56,SocialProviderAdmin.get_readonly_fields
FNDA:1,SocialProviderAdmin.get_readonly_fields
FN:58,61,SocialProviderAdmin.get_fields
FNDA:1,SocialProviderAdmin.get_fields
FNF:4
FNH:4
BRDA:31,0,jump to line 32,1
BRDA:31,0,jump to line 43,1
BRDA:47,0,jump to line 48,1
BRDA:47,0,return from function 'login_with',1
BRDA:52,0,jump to line 53,1
BRDA:52,0,jump to line 54,1
BRDA:54,0,jump to line 55,1
BRDA:54,0,jump to line 56,1
BRDA:59,0,jump to line 60,1
BRDA:59,0,jump to line 61,1
BRF:10
BRH:10
end_of_record
SF:src/bitcaster/social/backend/__init__.py
end_of_record
SF:src/bitcaster/social/backend/wso2.py
DA:1,1
DA:2,1
DA:4,1
DA:5,1
DA:11,1
DA:16,1
DA:17,1
DA:18,1
DA:19,1
DA:20,1
DA:21,1
DA:22,1
DA:23,1
DA:24,1
DA:31,1
DA:32,1
DA:34,1
DA:35,1
DA:37,1
DA:38,1
DA:40,1
DA:42,1
DA:43,1
DA:44,1
DA:45,1
DA:46,1
DA:47,1
DA:49,1
DA:50,1
DA:51,1
DA:52,1
DA:53,1
DA:55,1
DA:57,1
DA:58,1
DA:60,1
DA:62,1
DA:63,1
LF:38
LH:38
FN:31,32,Wso2OAuth2.authorization_url
FNDA:1,Wso2OAuth2.authorization_url
FN:34,35,Wso2OAuth2.access_token_url
FNDA:1,Wso2OAuth2.access_token_url
FN:37,38,Wso2OAuth2.userinfo_url
FNDA:1,Wso2OAuth2.userinfo_url
FN:40,47,Wso2OAuth2.auth_url
FNDA:1,Wso2OAuth2.auth_url
FN:49,53,Wso2OAuth2.auth_complete_params
FNDA:1,Wso2OAuth2.auth_complete_params
FN:55,58,Wso2OAuth2.get_user_details
FNDA:1,Wso2OAuth2.get_user_details
FN:60,63,Wso2OAuth2.user_data
FNDA:1,Wso2OAuth2.user_data
FNF:7
FNH:7
end_of_record
SF:src/bitcaster/social/context_processors.py
DA:1,1
DA:3,1
DA:9,1
DA:10,1
LF:4
LH:4
FN:9,10,available_providers
FNDA:1,available_providers
FNF:1
FNH:1
end_of_record
SF:src/bitcaster/social/models.py
DA:1,1
DA:2,1
DA:5,1
DA:6,1
DA:7,1
DA:8,1
DA:9,1
DA:10,1
DA:11,1
DA:12,1
DA:13,1
DA:14,1
DA:15,1
DA:16,1
DA:17,1
DA:18,1
DA:19,1
DA:22,1
DA:23,1
DA:24,1
DA:27,1
DA:28,1
DA:34,1
DA:35,1
DA:36,1
DA:38,1
DA:39,1
DA:41,1
DA:42,1
DA:44,1
DA:45,1
DA:46,1
DA:48,1
DA:49,1
DA:50,1
LF:35
LH:35
FN:23,24,SocialProviderManager.choices
FNDA:1,SocialProviderManager.choices
FN:41,42,SocialProvider.__str__
FNDA:1,SocialProvider.__str__
FN:45,46,SocialProvider.code
FNDA:1,SocialProvider.code
FN:49,50,SocialProvider.label
FNDA:1,SocialProvider.label
FNF:4
FNH:4
end_of_record
SF:src/bitcaster/social/pipeline.py
DA:1,1
DA:3,1
DA:4,1
DA:5,1
DA:8,1
DA:9,1
DA:10,1
DA:11,1
DA:12,1
LF:9
LH:9
FN:8,12,save_to_group
FNDA:1,save_to_group
FNF:1
FNH:1
BRDA:9,0,jump to line 10,1
BRDA:9,0,jump to line 12,1
BRF:2
BRH:2
end_of_record
SF:src/bitcaster/social/strategy.py
DA:1,1
DA:2,1
DA:4,1
DA:6,1
DA:9,1
DA:10,1
DA:11,1
DA:12,1
DA:13,1
DA:14,1
DA:15,1
DA:16,1
DA:17,1
DA:18,1
DA:19,1
DA:20,1
DA:21,1
DA:22,1
DA:24,1
DA:25,1
DA:26,1
DA:27,1
DA:28,1
DA:29,1
DA:30,1
LF:25
LH:25
FN:10,30,BitcasterStrategy.get_setting
FNDA:1,BitcasterStrategy.get_setting
FNF:1
FNH:1
BRDA:13,0,jump to line 14,1
BRDA:13,0,jump to line 16,1
BRDA:14,0,jump to line 13,1
BRDA:14,0,jump to line 15,1
BRDA:16,0,jump to line 17,1
BRDA:16,0,jump to line 18,1
BRDA:18,0,jump to line 19,1
BRDA:18,0,jump to line 25,1
BRDA:20,0,jump to line 21,1
BRDA:20,0,jump to line 24,1
BRDA:25,0,jump to line 26,1
BRDA:25,0,jump to line 30,1
BRDA:27,0,jump to line 28,1
BRDA:27,0,jump to line 29,1
BRF:14
BRH:14
end_of_record
SF:src/bitcaster/state.py
DA:1,1
DA:2,1
DA:3,1
DA:4,1
DA:5,1
DA:6,1
DA:12,1
DA:15,1
DA:16,1
DA:17,1
DA:22,1
DA:34,1
DA:35,1
DA:37,1
DA:38,1
DA:40,1
DA:41,1
DA:42,1
DA:44,1
DA:45,1
DA:46,1
DA:47,1
DA:48,1
DA:49,1
DA:50,1
DA:51,1
DA:53,1
DA:54,1
DA:55,1
DA:56,1
DA:57,1
DA:58,1
DA:60,1
DA:61,1
DA:62,1
DA:63,1
DA:64,1
DA:65,1
DA:67,1
DA:69,1
DA:70,1
DA:71,1
DA:74,1
LF:43
LH:43
FN:19,20,State.__repr__
FNDA:0,State.__repr__
FN:22,35,State.add_cookie
FNDA:1,State.add_cookie
FN:37,38,State.get_cookie
FNDA:1,State.get_cookie
FN:40,42,State.set_cookies
FNDA:1,State.set_cookies
FN:45,51,State.configure
FNDA:1,State.configure
FN:54,67,State.set
FNDA:1,State.set
FN:69,71,State.reset
FNDA:1,State.reset
FNF:7
FNH:6
BRDA:41,0,jump to line 42,1
BRDA:41,0,return from function 'set_cookies',1
BRDA:50,0,jump to line 51,1
BRDA:50,0,return from function 'configure',1
BRDA:56,0,jump to line 57,1
BRDA:56,0,jump to line 62,1
BRDA:57,0,jump to line 58,1
BRDA:57,0,jump to line 60,1
BRDA:63,0,jump to line 64,1
BRDA:63,0,return from function 'set',1
BRDA:64,0,jump to line 65,1
BRDA:64,0,jump to line 67,1
BRF:12
BRH:12
end_of_record
SF:src/bitcaster/tasks.py
DA:1,1
DA:3,1
DA:5,1
DA:6,1
DA:7,1
DA:9,1
DA:12,1
DA:13,1
DA:14,1
DA:16,1
DA:17,1
DA:20,1
DA:21,1
DA:22,1
DA:25,1
DA:26,1
DA:27,1
DA:33,1
DA:34,1
DA:35,1
DA:37,1
DA:38,1
DA:44,1
DA:45,1
DA:46,1
DA:48,1
DA:50,1
DA:51,1
DA:52,1
DA:53,1
DA:54,1
DA:56,1
DA:57,1
DA:58,1
DA:66,1
DA:67,1
DA:68,1
DA:69,1
DA:76,1
LF:39
LH:39
FN:13,17,process_occurrence
FNDA:1,process_occurrence
FN:21,30,schedule_occurrences
FNDA:1,schedule_occurrences
FN:34,41,purge_occurrences
FNDA:1,purge_occurrences
FN:45,76,monitor_run
FNDA:1,monitor_run
FNF:4
FNH:4
BRDA:26,0,jump to line 27,1
BRDA:26,0,return from function 'schedule_occurrences',1
BRDA:57,0,jump to line 58,1
BRDA:57,0,jump to line 69,1
BRF:4
BRH:4
end_of_record
SF:src/bitcaster/utils/__init__.py
end_of_record
SF:src/bitcaster/utils/address.py
DA:1,1
DA:2,1
DA:3,1
DA:6,1
DA:7,1
DA:8,1
DA:9,1
DA:10,1
DA:11,1
DA:14,1
DA:15,1
DA:16,1
DA:17,1
LF:13
LH:13
FN:6,11,is_phonenumber
FNDA:1,is_phonenumber
FN:14,19,is_email
FNDA:1,is_email
FNF:2
FNH:2
end_of_record
SF:src/bitcaster/utils/constance.py
DA:1,1
DA:2,1
DA:4,1
DA:6,1
DA:7,1
DA:9,1
DA:12,1
DA:13,1
DA:14,1
DA:19,1
DA:20,1
DA:23,1
DA:24,1
DA:25,1
DA:27,1
DA:28,1
DA:29,1
LF:17
LH:17
FN:13,20,EmailChannel.__init__
FNDA:1,EmailChannel.__init__
FN:24,29,GroupSelect.__init__
FNDA:1,GroupSelect.__init__
FNF:2
FNH:2
end_of_record
SF:src/bitcaster/utils/crontab.py
DA:1,1
DA:2,1
DA:8,1
DA:9,1
DA:12,1
DA:13,1
DA:14,1
DA:21,1
DA:22,1
DA:24,1
DA:25,1
DA:26,1
DA:28,1
DA:32,1
DA:33,1
DA:34,1
DA:35,1
DA:36,1
LF:18
LH:18
FN:12,36,human_readable
FNDA:1,human_readable
FNF:1
FNH:1
BRDA:21,0,jump to line 22,1
BRDA:21,0,jump to line 24,1
BRF:2
BRH:2
end_of_record
SF:src/bitcaster/utils/django.py
DA:1,1
DA:2,1
DA:4,1
DA:5,1
DA:13,1
DA:14,1
DA:15,1
DA:16,1
LF:8
LH:8
FN:13,16,url_related
FNDA:1,url_related
FNF:1
FNH:1
end_of_record
SF:src/bitcaster/utils/flags.py
DA:1,1
DA:2,1
DA:3,1
DA:5,1
DA:6,1
DA:8,1
DA:9,1
DA:12,1
DA:13,1
DA:14,1
DA:17,1
DA:18,1
DA:19,1
DA:22,1
DA:23,1
DA:24,1
DA:25,1
DA:26,1
DA:27,1
DA:30,1
DA:31,1
DA:32,1
DA:33,1
DA:34,1
DA:35,1
DA:36,1
DA:37,1
DA:38,1
DA:39,1
DA:41,1
DA:42,1
LF:31
LH:31
FN:13,14,development
FNDA:1,development
FN:18,19,server_address
FNDA:1,server_address
FN:23,27,env_var
FNDA:1,env_var
FN:31,42,header_key
FNDA:1,header_key
FNF:4
FNH:4
BRDA:24,0,jump to line 25,1
BRDA:24,0,jump to line 27,1
BRDA:33,0,jump to line 34,1
BRDA:33,0,jump to line 41,1
BRF:4
BRH:4
end_of_record
SF:src/bitcaster/utils/http.py
DA:1,1
DA:2,1
DA:4,1
DA:5,1
DA:6,1
DA:8,1
DA:16,1
DA:17,1
DA:18,1
DA:19,1
DA:20,1
DA:23,1
DA:24,1
DA:25,1
DA:26,1
DA:27,1
DA:28,1
DA:29,1
DA:30,1
DA:33,1
DA:34,1
DA:35,1
DA:36,1
DA:37,1
DA:38,1
DA:40,1
DA:41,1
DA:42,1
DA:43,1
DA:46,1
DA:47,1
DA:50,1
DA:53,1
DA:54,1
DA:55,1
DA:56,1
DA:57,1
DA:59,1
DA:60,1
LF:39
LH:39
FN:16,20,get_server_host
FNDA:1,get_server_host
FN:23,30,get_server_url
FNDA:1,get_server_url
FN:33,43,absolute_uri
FNDA:1,absolute_uri
FN:46,47,absolute_reverse
FNDA:1,absolute_reverse
FN:50,60,get_client_ip
FNDA:1,get_client_ip
FNF:5
FNH:5
BRDA:26,0,jump to line 27,1
BRDA:26,0,jump to line 30,1
BRDA:28,0,jump to line 29,1
BRDA:28,0,jump to line 30,1
BRDA:35,0,jump to line 36,1
BRDA:35,0,jump to line 37,1
BRDA:37,0,jump to line 38,1
BRDA:37,0,jump to line 40,1
BRDA:41,0,jump to line 42,1
BRDA:41,0,jump to line 43,1
BRDA:54,0,jump to line 55,1
BRDA:54,0,jump to line 56,1
BRDA:56,0,jump to line 57,1
BRDA:56,0,jump to line 59,1
BRF:14
BRH:14
end_of_record
SF:src/bitcaster/utils/importer.py
DA:1,1
DA:2,1
DA:4,1
DA:6,1
DA:9,1
DA:10,1
DA:11,1
DA:12,1
DA:13,1
DA:16,1
LF:10
LH:10
FN:9,16,import_users_to_org
FNDA:1,import_users_to_org
FNF:1
FNH:1
BRDA:12,0,jump to line 13,1
BRDA:12,0,return from function 'import_users_to_org',1
BRF:2
BRH:2
end_of_record
SF:src/bitcaster/utils/json.py
DA:1,1
DA:3,1
DA:9,1
DA:10,1
DA:11,1
DA:12,1
DA:13,1
DA:14,1
DA:17,1
DA:18,1
DA:19,1
DA:20,1
DA:21,1
DA:22,1
DA:23,1
DA:24,1
DA:25,1
DA:29,1
DA:35,1
DA:37,1
DA:38,1
DA:39,1
DA:41,1
DA:43,1
DA:46,1
DA:51,1
DA:52,1
DA:53,1
DA:56,1
DA:61,1
DA:62,1
DA:63,1
DA:64,0
DA:66,1
DA:67,1
DA:68,1
DA:69,1
DA:71,1
DA:73,1
DA:75,1
LF:40
LH:39
FN:17,26,process_dict
FNDA:1,process_dict
FN:29,43,merge_dicts
FNDA:1,merge_dicts
FN:46,53,override_dicts
FNDA:1,override_dicts
FN:56,75,remove_dicts
FNDA:1,remove_dicts
FNF:4
FNH:4
BRDA:18,0,jump to line 19,1
BRDA:18,0,jump to line 20,1
BRDA:20,0,jump to line 21,1
BRDA:20,0,jump to line 22,1
BRDA:22,0,jump to line 23,1
BRDA:22,0,jump to line 24,1
BRDA:37,0,jump to line 38,1
BRDA:37,0,jump to line 43,1
BRDA:38,0,jump to line 39,1
BRDA:38,0,jump to line 41,1
BRDA:62,0,jump to line 63,1
BRDA:62,0,jump to line 75,1
BRDA:63,0,jump to line 64,0
BRDA:63,0,jump to line 66,1
BRDA:66,0,jump to line 67,1
BRDA:66,0,jump to line 73,1
BRDA:68,0,jump to line 69,1
BRDA:68,0,jump to line 71,1
BRF:18
BRH:17
end_of_record
SF:src/bitcaster/utils/markdown.py
DA:1,1
DA:2,1
DA:3,1
DA:5,1
DA:6,1
DA:7,1
DA:9,1
DA:12,1
DA:13,1
DA:14,1
DA:17,1
DA:18,1
DA:19,1
DA:20,1
DA:22,1
DA:25,1
DA:26,1
DA:27,1
DA:28,1
DA:29,1
DA:30,1
DA:31,1
DA:32,1
DA:33,1
DA:36,1
DA:37,1
DA:38,1
DA:41,1
DA:43,1
DA:44,1
DA:45,1
DA:46,1
DA:47,1
LF:33
LH:33
FN:12,14,build_url
FNDA:1,build_url
FN:18,20,LinksInlineProcessor.__init__
FNDA:1,LinksInlineProcessor.__init__
FN:22,33,LinksInlineProcessor.handleMatch
FNDA:1,LinksInlineProcessor.handleMatch
FN:37,41,BitcasterDocSiteExtension.__init__
FNDA:1,BitcasterDocSiteExtension.__init__
FN:43,47,BitcasterDocSiteExtension.extendMarkdown
FNDA:1,BitcasterDocSiteExtension.extendMarkdown
FNF:5
FNH:5
end_of_record
SF:src/bitcaster/utils/security.py
DA:1,1
DA:3,1
DA:4,1
DA:7,1
DA:8,1
LF:5
LH:5
FN:7,8,is_root
FNDA:1,is_root
FNF:1
FNH:1
end_of_record
SF:src/bitcaster/utils/shortcuts.py
DA:1,1
DA:3,1
DA:6,1
DA:7,1
DA:8,1
DA:9,1
DA:10,1
LF:7
LH:7
FN:6,10,render_string
FNDA:1,render_string
FNF:1
FNH:1
BRDA:7,0,jump to line 8,1
BRDA:7,0,jump to line 9,1
BRF:2
BRH:2
end_of_record
SF:src/bitcaster/utils/unfold.py
DA:1,1
DA:3,1
DA:4,1
DA:5,1
DA:6,1
DA:7,1
DA:8,1
DA:10,1
DA:12,1
DA:32,1
DA:33,1
DA:41,1
DA:42,1
DA:43,1
DA:44,1
DA:47,1
DA:48,1
DA:50,1
DA:51,1
DA:52,1
DA:54,1
DA:55,1
DA:57,1
LF:23
LH:23
FN:33,44,UnfoldAdminForm.__init__
FNDA:1,UnfoldAdminForm.__init__
FN:50,57,UnfoldChainedSelect.__init__
FNDA:1,UnfoldChainedSelect.__init__
FNF:2
FNH:2
BRDA:42,0,jump to line 43,1
BRDA:42,0,return from function '__init__',1
BRDA:43,0,jump to line 42,0
BRDA:43,0,jump to line 44,1
BRDA:51,0,jump to line 52,1
BRDA:51,0,jump to line 54,0
BRF:6
BRH:4
end_of_record
SF:src/bitcaster/utils/user_agent.py
DA:1,1
DA:2,1
DA:4,1
DA:5,1
DA:6,1
DA:11,1
DA:12,1
DA:14,1
DA:15,1
DA:20,1
DA:21,1
DA:22,1
DA:23,1
DA:25,1
DA:26,1
DA:27,1
DA:29,1
DA:30,1
DA:31,1
DA:34,1
DA:35,1
DA:38,1
DA:40,1
DA:41,1
DA:42,1
DA:43,1
DA:44,1
DA:47,1
DA:54,1
DA:55,1
DA:56,1
DA:58,1
DA:59,1
DA:61,1
DA:62,1
DA:63,1
DA:64,1
DA:65,1
DA:66,1
DA:68,1
DA:69,1
LF:41
LH:41
FN:22,23,SmartUserAgent.is_ios
FNDA:1,SmartUserAgent.is_ios
FN:26,27,SmartUserAgent.support_firebase
FNDA:1,SmartUserAgent.support_firebase
FN:30,31,SmartUserAgent.is_safari
FNDA:1,SmartUserAgent.is_safari
FN:34,35,parse
FNDA:1,parse
FN:38,44,get_cache_key
FNDA:1,get_cache_key
FN:47,69,get_user_agent
FNDA:1,get_user_agent
FNF:6
FNH:6
BRDA:40,0,jump to line 41,1
BRDA:40,0,jump to line 42,1
BRDA:55,0,jump to line 56,1
BRDA:55,0,jump to line 58,1
BRDA:58,0,jump to line 59,1
BRDA:58,0,jump to line 61,1
BRDA:61,0,jump to line 62,1
BRDA:61,0,jump to line 68,1
BRDA:64,0,jump to line 65,1
BRDA:64,0,jump to line 69,1
BRF:10
BRH:10
end_of_record
SF:src/bitcaster/web/__init__.py
end_of_record
SF:src/bitcaster/web/apps.py
DA:1,1
DA:4,1
DA:5,1
DA:6,1
DA:7,1
LF:5
LH:5
end_of_record
SF:src/bitcaster/web/context_processors.py
DA:1,1
DA:3,1
DA:5,1
DA:6,1
DA:12,1
DA:13,1
DA:21,1
DA:22,1
LF:8
LH:8
FN:12,18,version
FNDA:1,version
FN:21,22,debug
FNDA:1,debug
FNF:2
FNH:2
end_of_record
SF:src/bitcaster/web/templatetags/__init__.py
end_of_record
SF:src/bitcaster/web/templatetags/json.py
DA:1,1
DA:2,1
DA:4,1
DA:5,1
DA:6,1
DA:7,1
DA:8,1
DA:10,1
DA:13,1
DA:14,1
DA:15,1
DA:16,1
DA:17,1
DA:19,1
LF:14
LH:14
FN:14,19,beautify
FNDA:1,beautify
FNF:1
FNH:1
end_of_record
SF:src/bitcaster/web/templatetags/markdown.py
DA:1,1
DA:3,1
DA:4,1
DA:5,1
DA:6,1
DA:8,1
DA:10,1
DA:13,1
DA:14,1
DA:15,1
DA:16,1
DA:32,1
DA:33,1
DA:34,1
DA:35,1
LF:15
LH:15
FN:15,29,md
FNDA:1,md
FN:33,35,help_doc
FNDA:1,help_doc
FNF:2
FNH:2
end_of_record
SF:src/bitcaster/web/templatetags/protocols.py
DA:1,1
DA:3,1
DA:4,1
DA:6,1
DA:9,1
DA:10,1
DA:11,1
LF:7
LH:7
FN:10,11,has
FNDA:1,has
FNF:1
FNH:1
end_of_record
SF:src/bitcaster/web/templatetags/usage.py
DA:1,1
DA:3,1
DA:4,1
DA:5,1
DA:6,1
DA:8,1
DA:10,1
DA:13,1
DA:14,1
DA:15,1
DA:21,1
DA:22,1
DA:23,1
LF:13
LH:13
FN:14,18,usage
FNDA:1,usage
FN:22,23,cron_human_readable
FNDA:1,cron_human_readable
FNF:2
FNH:2
end_of_record
SF:src/bitcaster/web/theme/__init__.py
end_of_record
SF:src/bitcaster/web/theme/apps.py
DA:1,1
DA:4,1
DA:5,1
LF:3
LH:3
end_of_record
SF:src/bitcaster/web/urls.py
DA:1,1
DA:3,1
DA:4,1
DA:6,1
DA:8,1
LF:5
LH:5
end_of_record
SF:src/bitcaster/web/views.py
DA:1,1
DA:2,1
DA:3,1
DA:4,1
DA:6,1
DA:7,1
DA:8,1
DA:9,1
DA:10,1
DA:17,1
DA:18,1
DA:19,1
DA:20,1
DA:21,1
DA:22,1
DA:23,1
DA:29,1
DA:30,1
DA:33,1
DA:34,1
DA:35,1
DA:38,1
DA:39,1
DA:40,1
DA:43,1
DA:44,1
DA:45,1
DA:46,1
DA:47,1
DA:50,1
DA:51,1
DA:52,1
DA:54,1
DA:55,1
DA:56,1
DA:57,1
DA:58,1
DA:59,1
DA:60,1
DA:61,1
DA:64,1
DA:65,1
DA:67,1
DA:68,1
DA:70,1
DA:72,1
LF:46
LH:46
FN:29,30,index
FNDA:1,index
FN:34,35,LogoutView.get_success_url
FNDA:1,LogoutView.get_success_url
FN:39,40,HealthCheckView.get
FNDA:1,HealthCheckView.get
FN:44,61,MediaView.get
FNDA:1,MediaView.get
FN:67,68,LoginView.get_success_url
FNDA:1,LoginView.get_success_url
FN:70,72,LoginView.form_invalid
FNDA:1,LoginView.form_invalid
FNF:6
FNH:6
BRDA:51,0,jump to line 52,1
BRDA:51,0,jump to line 54,1
BRDA:55,0,jump to line 56,1
BRDA:55,0,jump to line 57,1
BRF:4
BRH:4
end_of_record
SF:src/bitcaster/webpush/__init__.py
end_of_record
SF:src/bitcaster/webpush/admin.py
DA:1,1
DA:3,1
DA:4,1
DA:5,1
DA:6,1
DA:8,1
DA:10,1
DA:11,1
DA:19,1
DA:20,1
DA:21,1
DA:22,1
DA:23,1
DA:24,1
DA:25,1
DA:26,1
LF:16
LH:16
FN:22,26,BrowserAdmin.validate
FNDA:1,BrowserAdmin.validate
FNF:1
FNH:1
end_of_record
SF:src/bitcaster/webpush/apps.py
DA:1,1
DA:4,1
DA:5,1
DA:6,1
DA:7,1
DA:9,1
DA:10,1
LF:7
LH:7
FN:9,10,Config.ready
FNDA:1,Config.ready
FNF:1
FNH:1
end_of_record
SF:src/bitcaster/webpush/dispatcher.py
DA:1,1
DA:2,1
DA:3,1
DA:5,1
DA:6,1
DA:7,1
DA:8,1
DA:10,1
DA:16,1
DA:17,1
DA:22,1
DA:25,1
DA:29,1
DA:30,1
DA:43,1
DA:46,1
DA:47,1
DA:49,1
DA:50,1
DA:51,1
DA:53,1
DA:54,1
DA:55,1
DA:56,1
DA:57,1
DA:59,1
DA:60,1
DA:61,1
DA:62,1
DA:63,1
DA:64,1
DA:65,1
DA:66,1
DA:69,1
DA:70,1
DA:71,1
DA:72,1
DA:73,1
DA:75,1
DA:78,1
DA:79,1
DA:80,1
DA:81,1
DA:83,1
DA:84,1
DA:85,1
DA:87,1
DA:88,1
DA:90,1
DA:91,1
DA:92,1
DA:93,1
DA:94,1
LF:53
LH:53
FN:53,57,WebPushConfig.__init__
FNDA:1,WebPushConfig.__init__
FN:59,75,WebPushConfig.clean
FNDA:1,WebPushConfig.clean
FN:83,97,WebPushDispatcher.send
FNDA:1,WebPushDispatcher.send
FNF:3
FNH:3
BRDA:55,0,jump to line 56,1
BRDA:55,0,jump to line 57,1
BRDA:61,0,jump to line 62,1
BRDA:61,0,jump to line 75,1
BRDA:87,0,jump to line 88,1
BRDA:87,0,jump to line 90,1
BRDA:90,0,jump to line 91,1
BRDA:90,0,jump to line 92,1
BRF:8
BRH:8
end_of_record
SF:src/bitcaster/webpush/models.py
DA:1,1
DA:4,1
DA:5,1
DA:6,1
LF:4
LH:4
end_of_record
SF:src/bitcaster/webpush/urls.py
DA:1,1
DA:3,1
DA:5,1
DA:7,1
LF:4
LH:4
end_of_record
SF:src/bitcaster/webpush/utils.py
DA:1,1
DA:2,1
DA:3,1
DA:5,1
DA:6,1
DA:8,1
DA:16,1
DA:19,1
DA:20,1
DA:21,1
DA:24,1
DA:25,1
DA:26,1
DA:27,1
DA:30,1
DA:31,1
DA:32,1
DA:34,1
DA:35,1
DA:36,1
DA:37,1
DA:45,1
DA:46,1
DA:47,1
DA:48,1
DA:49,1
LF:26
LH:26
FN:19,21,sign
FNDA:1,sign
FN:24,27,unsign
FNDA:1,unsign
FN:30,49,webpush_send_message
FNDA:1,webpush_send_message
FNF:3
FNH:3
end_of_record
SF:src/bitcaster/webpush/views.py
DA:1,1
DA:2,1
DA:3,1
DA:5,1
DA:6,1
DA:7,1
DA:8,1
DA:15,1
DA:16,1
DA:17,1
DA:18,1
DA:20,1
DA:21,1
DA:23,1
DA:28,1
DA:31,1
DA:32,1
DA:33,1
DA:34,1
DA:35,1
DA:36,1
DA:37,1
DA:38,1
DA:41,1
DA:42,1
DA:43,1
DA:44,1
DA:45,1
DA:46,1
DA:56,1
DA:57,1
DA:58,1
DA:59,1
DA:61,1
DA:62,1
DA:63,1
DA:64,1
DA:65,1
DA:66,1
DA:69,1
DA:70,1
DA:71,1
DA:72,1
DA:74,1
DA:75,1
DA:76,1
DA:77,1
DA:78,1
DA:79,1
DA:82,1
DA:83,1
DA:85,1
DA:86,1
DA:87,1
DA:88,1
DA:95,1
DA:97,1
DA:98,1
DA:99,1
DA:100,1
DA:102,1
DA:114,1
DA:115,1
DA:116,1
DA:118,1
DA:119,1
DA:120,1
DA:122,1
DA:123,1
DA:124,1
DA:125,1
DA:127,1
DA:128,1
DA:129,1
LF:74
LH:74
FN:32,38,SecretMixin.unsign
FNDA:1,SecretMixin.unsign
FN:42,53,DataView.get
FNDA:1,DataView.get
FN:58,59,UnSubscribeView.dispatch
FNDA:1,UnSubscribeView.dispatch
FN:61,66,UnSubscribeView.post
FNDA:1,UnSubscribeView.post
FN:71,72,SubscribeView.dispatch
FNDA:1,SubscribeView.dispatch
FN:74,79,SubscribeView.post
FNDA:1,SubscribeView.post
FN:86,95,ConfirmView.media
FNDA:1,ConfirmView.media
FN:97,111,ConfirmView.get_context_data
FNDA:1,ConfirmView.get_context_data
FN:118,120,ServiceWorker.get_template_names
FNDA:1,ServiceWorker.get_template_names
FN:122,125,ServiceWorker.get_context_data
FNDA:1,ServiceWorker.get_context_data
FN:127,129,ServiceWorker.render_to_response
FNDA:1,ServiceWorker.render_to_response
FNF:11
FNH:11
end_of_record
